{"/Users/leo/Web/project/gitfolio-x/src/App.tsx": {"path":"/Users/leo/Web/project/gitfolio-x/src/App.tsx","statementMap":{"0":{"start":{"line":10,"column":20},"end":{"line":10,"column":null}},"1":{"start":{"line":12,"column":12},"end":{"line":21,"column":null}}},"fnMap":{"0":{"name":"(anonymous_0)","decl":{"start":{"line":12,"column":12},"end":{"line":12,"column":null}},"loc":{"start":{"line":12,"column":12},"end":{"line":21,"column":null}},"line":12}},"branchMap":{},"s":{"0":0,"1":0},"f":{"0":0},"b":{},"meta":{"lastBranch":0,"lastFunction":1,"lastStatement":2,"seen":{"s:10:20:10:Infinity":0,"s:12:12:21:Infinity":1,"f:12:12:12:Infinity":0}}}
,"/Users/leo/Web/project/gitfolio-x/src/components/CodeGalaxy.tsx": {"path":"/Users/leo/Web/project/gitfolio-x/src/components/CodeGalaxy.tsx","statementMap":{"0":{"start":{"line":8,"column":0},"end":{"line":8,"column":null}},"1":{"start":{"line":15,"column":47},"end":{"line":34,"column":null}},"2":{"start":{"line":54,"column":8},"end":{"line":54,"column":null}},"3":{"start":{"line":55,"column":8},"end":{"line":55,"column":null}},"4":{"start":{"line":56,"column":29},"end":{"line":56,"column":null}},"5":{"start":{"line":58,"column":2},"end":{"line":66,"column":null}},"6":{"start":{"line":59,"column":4},"end":{"line":61,"column":null}},"7":{"start":{"line":60,"column":6},"end":{"line":60,"column":null}},"8":{"start":{"line":62,"column":4},"end":{"line":65,"column":null}},"9":{"start":{"line":63,"column":24},"end":{"line":63,"column":null}},"10":{"start":{"line":64,"column":6},"end":{"line":64,"column":null}},"11":{"start":{"line":68,"column":2},"end":{"line":146,"column":null}},"12":{"start":{"line":85,"column":12},"end":{"line":85,"column":null}},"13":{"start":{"line":86,"column":12},"end":{"line":86,"column":null}},"14":{"start":{"line":87,"column":12},"end":{"line":87,"column":null}},"15":{"start":{"line":90,"column":12},"end":{"line":90,"column":null}},"16":{"start":{"line":91,"column":12},"end":{"line":91,"column":null}},"17":{"start":{"line":94,"column":12},"end":{"line":94,"column":null}},"18":{"start":{"line":95,"column":12},"end":{"line":95,"column":null}},"19":{"start":{"line":164,"column":8},"end":{"line":166,"column":null}},"20":{"start":{"line":165,"column":4},"end":{"line":165,"column":null}},"21":{"start":{"line":168,"column":2},"end":{"line":174,"column":null}},"22":{"start":{"line":181,"column":8},"end":{"line":181,"column":null}},"23":{"start":{"line":182,"column":8},"end":{"line":182,"column":null}},"24":{"start":{"line":184,"column":2},"end":{"line":192,"column":null}},"25":{"start":{"line":185,"column":4},"end":{"line":187,"column":null}},"26":{"start":{"line":186,"column":6},"end":{"line":186,"column":null}},"27":{"start":{"line":188,"column":4},"end":{"line":191,"column":null}},"28":{"start":{"line":189,"column":6},"end":{"line":189,"column":null}},"29":{"start":{"line":190,"column":6},"end":{"line":190,"column":null}},"30":{"start":{"line":194,"column":2},"end":{"line":222,"column":null}},"31":{"start":{"line":232,"column":8},"end":{"line":237,"column":null}},"32":{"start":{"line":233,"column":4},"end":{"line":235,"column":null}},"33":{"start":{"line":234,"column":6},"end":{"line":234,"column":null}},"34":{"start":{"line":236,"column":4},"end":{"line":236,"column":null}},"35":{"start":{"line":240,"column":8},"end":{"line":272,"column":null}},"36":{"start":{"line":241,"column":18},"end":{"line":241,"column":50}},"37":{"start":{"line":243,"column":4},"end":{"line":271,"column":null}},"38":{"start":{"line":245,"column":20},"end":{"line":245,"column":null}},"39":{"start":{"line":246,"column":21},"end":{"line":246,"column":null}},"40":{"start":{"line":247,"column":21},"end":{"line":247,"column":null}},"41":{"start":{"line":249,"column":16},"end":{"line":249,"column":null}},"42":{"start":{"line":250,"column":16},"end":{"line":250,"column":null}},"43":{"start":{"line":251,"column":16},"end":{"line":251,"column":null}},"44":{"start":{"line":254,"column":23},"end":{"line":254,"column":null}},"45":{"start":{"line":254,"column":50},"end":{"line":254,"column":57}},"46":{"start":{"line":255,"column":19},"end":{"line":255,"column":null}},"47":{"start":{"line":258,"column":20},"end":{"line":260,"column":null}},"48":{"start":{"line":262,"column":6},"end":{"line":270,"column":null}},"49":{"start":{"line":275,"column":8},"end":{"line":297,"column":null}},"50":{"start":{"line":276,"column":103},"end":{"line":276,"column":105}},"51":{"start":{"line":278,"column":4},"end":{"line":294,"column":null}},"52":{"start":{"line":280,"column":6},"end":{"line":284,"column":null}},"53":{"start":{"line":287,"column":6},"end":{"line":293,"column":null}},"54":{"start":{"line":288,"column":8},"end":{"line":292,"column":null}},"55":{"start":{"line":296,"column":4},"end":{"line":296,"column":null}},"56":{"start":{"line":299,"column":2},"end":{"line":336,"column":null}},"57":{"start":{"line":320,"column":30},"end":{"line":321,"column":33}},"58":{"start":{"line":325,"column":28},"end":{"line":326,"column":27}},"59":{"start":{"line":343,"column":2},"end":{"line":352,"column":null}}},"fnMap":{"0":{"name":"RepoNode","decl":{"start":{"line":37,"column":9},"end":{"line":37,"column":18}},"loc":{"start":{"line":53,"column":1},"end":{"line":152,"column":null}},"line":53},"1":{"name":"(anonymous_1)","decl":{"start":{"line":58,"column":11},"end":{"line":58,"column":12}},"loc":{"start":{"line":58,"column":12},"end":{"line":66,"column":null}},"line":58},"2":{"name":"(anonymous_2)","decl":{"start":{"line":84,"column":25},"end":{"line":84,"column":26}},"loc":{"start":{"line":84,"column":26},"end":{"line":88,"column":null}},"line":84},"3":{"name":"(anonymous_3)","decl":{"start":{"line":89,"column":24},"end":{"line":89,"column":null}},"loc":{"start":{"line":89,"column":24},"end":{"line":92,"column":null}},"line":89},"4":{"name":"(anonymous_4)","decl":{"start":{"line":93,"column":19},"end":{"line":93,"column":20}},"loc":{"start":{"line":93,"column":20},"end":{"line":96,"column":null}},"line":93},"5":{"name":"ConnectionLine","decl":{"start":{"line":155,"column":9},"end":{"line":155,"column":24}},"loc":{"start":{"line":163,"column":1},"end":{"line":177,"column":null}},"line":163},"6":{"name":"(anonymous_6)","decl":{"start":{"line":164,"column":25},"end":{"line":164,"column":null}},"loc":{"start":{"line":164,"column":25},"end":{"line":166,"column":5}},"line":164},"7":{"name":"CentralCore","decl":{"start":{"line":180,"column":9},"end":{"line":180,"column":21}},"loc":{"start":{"line":180,"column":49},"end":{"line":227,"column":null}},"line":180},"8":{"name":"(anonymous_8)","decl":{"start":{"line":184,"column":11},"end":{"line":184,"column":12}},"loc":{"start":{"line":184,"column":12},"end":{"line":192,"column":null}},"line":184},"9":{"name":"GalaxyScene","decl":{"start":{"line":230,"column":9},"end":{"line":230,"column":21}},"loc":{"start":{"line":230,"column":51},"end":{"line":340,"column":null}},"line":230},"10":{"name":"(anonymous_10)","decl":{"start":{"line":232,"column":32},"end":{"line":232,"column":null}},"loc":{"start":{"line":232,"column":32},"end":{"line":237,"column":5}},"line":232},"11":{"name":"(anonymous_11)","decl":{"start":{"line":240,"column":28},"end":{"line":240,"column":null}},"loc":{"start":{"line":240,"column":28},"end":{"line":272,"column":5}},"line":240},"12":{"name":"(anonymous_12)","decl":{"start":{"line":243,"column":21},"end":{"line":243,"column":22}},"loc":{"start":{"line":243,"column":28},"end":{"line":271,"column":null}},"line":243},"13":{"name":"(anonymous_13)","decl":{"start":{"line":254,"column":45},"end":{"line":254,"column":50}},"loc":{"start":{"line":254,"column":50},"end":{"line":254,"column":57}},"line":254},"14":{"name":"(anonymous_14)","decl":{"start":{"line":275,"column":30},"end":{"line":275,"column":null}},"loc":{"start":{"line":275,"column":30},"end":{"line":297,"column":5}},"line":275},"15":{"name":"(anonymous_15)","decl":{"start":{"line":278,"column":22},"end":{"line":278,"column":23}},"loc":{"start":{"line":278,"column":29},"end":{"line":294,"column":null}},"line":278},"16":{"name":"(anonymous_16)","decl":{"start":{"line":287,"column":44},"end":{"line":287,"column":45}},"loc":{"start":{"line":287,"column":45},"end":{"line":293,"column":null}},"line":287},"17":{"name":"(anonymous_17)","decl":{"start":{"line":320,"column":23},"end":{"line":320,"column":24}},"loc":{"start":{"line":320,"column":30},"end":{"line":321,"column":33}},"line":320},"18":{"name":"(anonymous_18)","decl":{"start":{"line":325,"column":21},"end":{"line":325,"column":22}},"loc":{"start":{"line":325,"column":28},"end":{"line":326,"column":27}},"line":325},"19":{"name":"CodeGalaxy","decl":{"start":{"line":342,"column":24},"end":{"line":342,"column":35}},"loc":{"start":{"line":342,"column":60},"end":{"line":357,"column":null}},"line":342}},"branchMap":{"0":{"loc":{"start":{"line":59,"column":4},"end":{"line":61,"column":null}},"type":"if","locations":[{"start":{"line":59,"column":4},"end":{"line":61,"column":null}},{"start":{},"end":{}}],"line":59},"1":{"loc":{"start":{"line":62,"column":4},"end":{"line":65,"column":null}},"type":"if","locations":[{"start":{"line":62,"column":4},"end":{"line":65,"column":null}},{"start":{},"end":{}}],"line":62},"2":{"loc":{"start":{"line":63,"column":24},"end":{"line":63,"column":null}},"type":"cond-expr","locations":[{"start":{"line":63,"column":34},"end":{"line":63,"column":40}},{"start":{"line":63,"column":40},"end":{"line":63,"column":null}}],"line":63},"3":{"loc":{"start":{"line":77,"column":21},"end":{"line":77,"column":null}},"type":"cond-expr","locations":[{"start":{"line":77,"column":31},"end":{"line":77,"column":38}},{"start":{"line":77,"column":38},"end":{"line":77,"column":null}}],"line":77},"4":{"loc":{"start":{"line":102,"column":31},"end":{"line":102,"column":null}},"type":"cond-expr","locations":[{"start":{"line":102,"column":41},"end":{"line":102,"column":47}},{"start":{"line":102,"column":47},"end":{"line":102,"column":null}}],"line":102},"5":{"loc":{"start":{"line":109,"column":9},"end":{"line":135,"column":null}},"type":"binary-expr","locations":[{"start":{"line":109,"column":9},"end":{"line":109,"column":null}},{"start":{"line":109,"column":9},"end":{"line":135,"column":null}}],"line":109},"6":{"loc":{"start":{"line":120,"column":17},"end":{"line":126,"column":null}},"type":"binary-expr","locations":[{"start":{"line":120,"column":17},"end":{"line":120,"column":null}},{"start":{"line":120,"column":17},"end":{"line":126,"column":null}}],"line":120},"7":{"loc":{"start":{"line":143,"column":9},"end":{"line":146,"column":null}},"type":"binary-expr","locations":[{"start":{"line":143,"column":9},"end":{"line":143,"column":null}},{"start":{"line":143,"column":19},"end":{"line":146,"column":null}}],"line":143},"8":{"loc":{"start":{"line":146,"column":66},"end":{"line":146,"column":null}},"type":"cond-expr","locations":[{"start":{"line":146,"column":76},"end":{"line":146,"column":82}},{"start":{"line":146,"column":82},"end":{"line":146,"column":null}}],"line":146},"9":{"loc":{"start":{"line":185,"column":4},"end":{"line":187,"column":null}},"type":"if","locations":[{"start":{"line":185,"column":4},"end":{"line":187,"column":null}},{"start":{},"end":{}}],"line":185},"10":{"loc":{"start":{"line":188,"column":4},"end":{"line":191,"column":null}},"type":"if","locations":[{"start":{"line":188,"column":4},"end":{"line":191,"column":null}},{"start":{},"end":{}}],"line":188},"11":{"loc":{"start":{"line":233,"column":4},"end":{"line":235,"column":null}},"type":"if","locations":[{"start":{"line":233,"column":4},"end":{"line":235,"column":null}},{"start":{},"end":{}}],"line":233},"12":{"loc":{"start":{"line":234,"column":13},"end":{"line":234,"column":null}},"type":"binary-expr","locations":[{"start":{"line":234,"column":13},"end":{"line":234,"column":36}},{"start":{"line":234,"column":40},"end":{"line":234,"column":null}}],"line":234},"13":{"loc":{"start":{"line":258,"column":20},"end":{"line":260,"column":null}},"type":"cond-expr","locations":[{"start":{"line":259,"column":10},"end":{"line":259,"column":null}},{"start":{"line":260,"column":10},"end":{"line":260,"column":null}}],"line":258},"14":{"loc":{"start":{"line":259,"column":10},"end":{"line":259,"column":null}},"type":"binary-expr","locations":[{"start":{"line":259,"column":10},"end":{"line":259,"column":39}},{"start":{"line":259,"column":43},"end":{"line":259,"column":null}}],"line":259}},"s":{"0":0,"1":0,"2":0,"3":0,"4":0,"5":0,"6":0,"7":0,"8":0,"9":0,"10":0,"11":0,"12":0,"13":0,"14":0,"15":0,"16":0,"17":0,"18":0,"19":0,"20":0,"21":0,"22":0,"23":0,"24":0,"25":0,"26":0,"27":0,"28":0,"29":0,"30":0,"31":0,"32":0,"33":0,"34":0,"35":0,"36":0,"37":0,"38":0,"39":0,"40":0,"41":0,"42":0,"43":0,"44":0,"45":0,"46":0,"47":0,"48":0,"49":0,"50":0,"51":0,"52":0,"53":0,"54":0,"55":0,"56":0,"57":0,"58":0,"59":0},"f":{"0":0,"1":0,"2":0,"3":0,"4":0,"5":0,"6":0,"7":0,"8":0,"9":0,"10":0,"11":0,"12":0,"13":0,"14":0,"15":0,"16":0,"17":0,"18":0,"19":0},"b":{"0":[0,0],"1":[0,0],"2":[0,0],"3":[0,0],"4":[0,0],"5":[0,0],"6":[0,0],"7":[0,0],"8":[0,0],"9":[0,0],"10":[0,0],"11":[0,0],"12":[0,0],"13":[0,0],"14":[0,0]},"meta":{"lastBranch":15,"lastFunction":20,"lastStatement":60,"seen":{"s:8:0:8:Infinity":0,"s:15:47:34:Infinity":1,"f:37:9:37:18":0,"s:54:8:54:Infinity":2,"s:55:8:55:Infinity":3,"s:56:29:56:Infinity":4,"s:58:2:66:Infinity":5,"f:58:11:58:12":1,"b:59:4:61:Infinity:undefined:undefined:undefined:undefined":0,"s:59:4:61:Infinity":6,"s:60:6:60:Infinity":7,"b:62:4:65:Infinity:undefined:undefined:undefined:undefined":1,"s:62:4:65:Infinity":8,"s:63:24:63:Infinity":9,"b:63:34:63:40:63:40:63:Infinity":2,"s:64:6:64:Infinity":10,"s:68:2:146:Infinity":11,"b:77:31:77:38:77:38:77:Infinity":3,"f:84:25:84:26":2,"s:85:12:85:Infinity":12,"s:86:12:86:Infinity":13,"s:87:12:87:Infinity":14,"f:89:24:89:Infinity":3,"s:90:12:90:Infinity":15,"s:91:12:91:Infinity":16,"f:93:19:93:20":4,"s:94:12:94:Infinity":17,"s:95:12:95:Infinity":18,"b:102:41:102:47:102:47:102:Infinity":4,"b:109:9:109:Infinity:109:9:135:Infinity":5,"b:120:17:120:Infinity:120:17:126:Infinity":6,"b:143:9:143:Infinity:143:19:146:Infinity":7,"b:146:76:146:82:146:82:146:Infinity":8,"f:155:9:155:24":5,"s:164:8:166:Infinity":19,"f:164:25:164:Infinity":6,"s:165:4:165:Infinity":20,"s:168:2:174:Infinity":21,"f:180:9:180:21":7,"s:181:8:181:Infinity":22,"s:182:8:182:Infinity":23,"s:184:2:192:Infinity":24,"f:184:11:184:12":8,"b:185:4:187:Infinity:undefined:undefined:undefined:undefined":9,"s:185:4:187:Infinity":25,"s:186:6:186:Infinity":26,"b:188:4:191:Infinity:undefined:undefined:undefined:undefined":10,"s:188:4:191:Infinity":27,"s:189:6:189:Infinity":28,"s:190:6:190:Infinity":29,"s:194:2:222:Infinity":30,"f:230:9:230:21":9,"s:232:8:237:Infinity":31,"f:232:32:232:Infinity":10,"b:233:4:235:Infinity:undefined:undefined:undefined:undefined":11,"s:233:4:235:Infinity":32,"s:234:6:234:Infinity":33,"b:234:13:234:36:234:40:234:Infinity":12,"s:236:4:236:Infinity":34,"s:240:8:272:Infinity":35,"f:240:28:240:Infinity":11,"s:241:18:241:50":36,"s:243:4:271:Infinity":37,"f:243:21:243:22":12,"s:245:20:245:Infinity":38,"s:246:21:246:Infinity":39,"s:247:21:247:Infinity":40,"s:249:16:249:Infinity":41,"s:250:16:250:Infinity":42,"s:251:16:251:Infinity":43,"s:254:23:254:Infinity":44,"f:254:45:254:50":13,"s:254:50:254:57":45,"s:255:19:255:Infinity":46,"s:258:20:260:Infinity":47,"b:259:10:259:Infinity:260:10:260:Infinity":13,"b:259:10:259:39:259:43:259:Infinity":14,"s:262:6:270:Infinity":48,"s:275:8:297:Infinity":49,"f:275:30:275:Infinity":14,"s:276:103:276:105":50,"s:278:4:294:Infinity":51,"f:278:22:278:23":15,"s:280:6:284:Infinity":52,"s:287:6:293:Infinity":53,"f:287:44:287:45":16,"s:288:8:292:Infinity":54,"s:296:4:296:Infinity":55,"s:299:2:336:Infinity":56,"f:320:23:320:24":17,"s:320:30:321:33":57,"f:325:21:325:22":18,"s:325:28:326:27":58,"f:342:24:342:35":19,"s:343:2:352:Infinity":59}}}
,"/Users/leo/Web/project/gitfolio-x/src/components/FeatureCard.tsx": {"path":"/Users/leo/Web/project/gitfolio-x/src/components/FeatureCard.tsx","statementMap":{"0":{"start":{"line":12,"column":20},"end":{"line":48,"column":null}},"1":{"start":{"line":13,"column":2},"end":{"line":44,"column":null}}},"fnMap":{"0":{"name":"(anonymous_0)","decl":{"start":{"line":12,"column":20},"end":{"line":12,"column":21}},"loc":{"start":{"line":12,"column":89},"end":{"line":48,"column":null}},"line":12}},"branchMap":{"0":{"loc":{"start":{"line":12,"column":60},"end":{"line":12,"column":69}},"type":"default-arg","locations":[{"start":{"line":12,"column":68},"end":{"line":12,"column":69}}],"line":12}},"s":{"0":1,"1":5},"f":{"0":5},"b":{"0":[5]},"meta":{"lastBranch":1,"lastFunction":1,"lastStatement":2,"seen":{"s:12:20:48:Infinity":0,"f:12:20:12:21":0,"b:12:68:12:69":0,"s:13:2:44:Infinity":1}}}
,"/Users/leo/Web/project/gitfolio-x/src/components/GalaxyOrb.tsx": {"path":"/Users/leo/Web/project/gitfolio-x/src/components/GalaxyOrb.tsx","statementMap":{"0":{"start":{"line":12,"column":18},"end":{"line":83,"column":null}},"1":{"start":{"line":13,"column":31},"end":{"line":13,"column":null}},"2":{"start":{"line":15,"column":40},"end":{"line":26,"column":null}},"3":{"start":{"line":15,"column":78},"end":{"line":26,"column":null}},"4":{"start":{"line":28,"column":2},"end":{"line":33,"column":null}},"5":{"start":{"line":29,"column":21},"end":{"line":31,"column":null}},"6":{"start":{"line":30,"column":6},"end":{"line":30,"column":null}},"7":{"start":{"line":30,"column":28},"end":{"line":30,"column":null}},"8":{"start":{"line":32,"column":4},"end":{"line":32,"column":null}},"9":{"start":{"line":32,"column":17},"end":{"line":32,"column":null}},"10":{"start":{"line":35,"column":2},"end":{"line":79,"column":null}},"11":{"start":{"line":52,"column":29},"end":{"line":52,"column":null}},"12":{"start":{"line":53,"column":18},"end":{"line":53,"column":null}},"13":{"start":{"line":54,"column":18},"end":{"line":54,"column":null}},"14":{"start":{"line":56,"column":8},"end":{"line":58,"column":null}}},"fnMap":{"0":{"name":"(anonymous_0)","decl":{"start":{"line":12,"column":18},"end":{"line":12,"column":null}},"loc":{"start":{"line":12,"column":18},"end":{"line":83,"column":null}},"line":12},"1":{"name":"(anonymous_1)","decl":{"start":{"line":15,"column":67},"end":{"line":15,"column":68}},"loc":{"start":{"line":15,"column":78},"end":{"line":26,"column":null}},"line":15},"2":{"name":"(anonymous_2)","decl":{"start":{"line":28,"column":12},"end":{"line":28,"column":null}},"loc":{"start":{"line":28,"column":12},"end":{"line":33,"column":5}},"line":28},"3":{"name":"(anonymous_3)","decl":{"start":{"line":29,"column":33},"end":{"line":29,"column":null}},"loc":{"start":{"line":29,"column":33},"end":{"line":31,"column":7}},"line":29},"4":{"name":"(anonymous_4)","decl":{"start":{"line":30,"column":18},"end":{"line":30,"column":19}},"loc":{"start":{"line":30,"column":28},"end":{"line":30,"column":null}},"line":30},"5":{"name":"(anonymous_5)","decl":{"start":{"line":32,"column":11},"end":{"line":32,"column":17}},"loc":{"start":{"line":32,"column":17},"end":{"line":32,"column":null}},"line":32},"6":{"name":"(anonymous_6)","decl":{"start":{"line":51,"column":21},"end":{"line":51,"column":22}},"loc":{"start":{"line":51,"column":22},"end":{"line":70,"column":null}},"line":51}},"branchMap":{"0":{"loc":{"start":{"line":21,"column":11},"end":{"line":25,"column":null}},"type":"cond-expr","locations":[{"start":{"line":22,"column":8},"end":{"line":22,"column":null}},{"start":{"line":23,"column":8},"end":{"line":25,"column":null}}],"line":21},"1":{"loc":{"start":{"line":23,"column":8},"end":{"line":25,"column":null}},"type":"cond-expr","locations":[{"start":{"line":24,"column":10},"end":{"line":24,"column":null}},{"start":{"line":25,"column":10},"end":{"line":25,"column":null}}],"line":23}},"s":{"0":0,"1":0,"2":0,"3":0,"4":0,"5":0,"6":0,"7":0,"8":0,"9":0,"10":0,"11":0,"12":0,"13":0,"14":0},"f":{"0":0,"1":0,"2":0,"3":0,"4":0,"5":0,"6":0},"b":{"0":[0,0],"1":[0,0]},"meta":{"lastBranch":2,"lastFunction":7,"lastStatement":15,"seen":{"s:12:18:83:Infinity":0,"f:12:18:12:Infinity":0,"s:13:31:13:Infinity":1,"s:15:40:26:Infinity":2,"f:15:67:15:68":1,"s:15:78:26:Infinity":3,"b:22:8:22:Infinity:23:8:25:Infinity":0,"b:24:10:24:Infinity:25:10:25:Infinity":1,"s:28:2:33:Infinity":4,"f:28:12:28:Infinity":2,"s:29:21:31:Infinity":5,"f:29:33:29:Infinity":3,"s:30:6:30:Infinity":6,"f:30:18:30:19":4,"s:30:28:30:Infinity":7,"s:32:4:32:Infinity":8,"f:32:11:32:17":5,"s:32:17:32:Infinity":9,"s:35:2:79:Infinity":10,"f:51:21:51:22":6,"s:52:29:52:Infinity":11,"s:53:18:53:Infinity":12,"s:54:18:54:Infinity":13,"s:56:8:58:Infinity":14}}}
,"/Users/leo/Web/project/gitfolio-x/src/components/GitHubInput.tsx": {"path":"/Users/leo/Web/project/gitfolio-x/src/components/GitHubInput.tsx","statementMap":{"0":{"start":{"line":8,"column":20},"end":{"line":95,"column":null}},"1":{"start":{"line":9,"column":31},"end":{"line":9,"column":null}},"2":{"start":{"line":10,"column":33},"end":{"line":10,"column":null}},"3":{"start":{"line":11,"column":8},"end":{"line":11,"column":null}},"4":{"start":{"line":13,"column":23},"end":{"line":27,"column":null}},"5":{"start":{"line":14,"column":4},"end":{"line":14,"column":null}},"6":{"start":{"line":16,"column":4},"end":{"line":19,"column":null}},"7":{"start":{"line":17,"column":6},"end":{"line":17,"column":null}},"8":{"start":{"line":18,"column":6},"end":{"line":18,"column":null}},"9":{"start":{"line":21,"column":4},"end":{"line":21,"column":null}},"10":{"start":{"line":24,"column":4},"end":{"line":26,"column":null}},"11":{"start":{"line":25,"column":6},"end":{"line":25,"column":null}},"12":{"start":{"line":29,"column":2},"end":{"line":84,"column":null}},"13":{"start":{"line":43,"column":31},"end":{"line":43,"column":null}},"14":{"start":{"line":82,"column":51},"end":{"line":84,"column":null}},"15":{"start":{"line":86,"column":27},"end":{"line":86,"column":null}}},"fnMap":{"0":{"name":"(anonymous_0)","decl":{"start":{"line":8,"column":20},"end":{"line":8,"column":null}},"loc":{"start":{"line":8,"column":20},"end":{"line":95,"column":null}},"line":8},"1":{"name":"(anonymous_1)","decl":{"start":{"line":13,"column":23},"end":{"line":13,"column":30}},"loc":{"start":{"line":13,"column":30},"end":{"line":27,"column":null}},"line":13},"2":{"name":"(anonymous_2)","decl":{"start":{"line":24,"column":15},"end":{"line":24,"column":null}},"loc":{"start":{"line":24,"column":15},"end":{"line":26,"column":7}},"line":24},"3":{"name":"(anonymous_3)","decl":{"start":{"line":43,"column":24},"end":{"line":43,"column":25}},"loc":{"start":{"line":43,"column":31},"end":{"line":43,"column":null}},"line":43},"4":{"name":"(anonymous_4)","decl":{"start":{"line":82,"column":50},"end":{"line":82,"column":51}},"loc":{"start":{"line":82,"column":51},"end":{"line":84,"column":null}},"line":82},"5":{"name":"(anonymous_5)","decl":{"start":{"line":86,"column":21},"end":{"line":86,"column":27}},"loc":{"start":{"line":86,"column":27},"end":{"line":86,"column":null}},"line":86}},"branchMap":{"0":{"loc":{"start":{"line":16,"column":4},"end":{"line":19,"column":null}},"type":"if","locations":[{"start":{"line":16,"column":4},"end":{"line":19,"column":null}},{"start":{},"end":{}}],"line":16},"1":{"loc":{"start":{"line":57,"column":13},"end":{"line":65,"column":null}},"type":"cond-expr","locations":[{"start":{"line":57,"column":13},"end":{"line":63,"column":15}},{"start":{"line":63,"column":14},"end":{"line":65,"column":null}}],"line":57},"2":{"loc":{"start":{"line":73,"column":7},"end":{"line":75,"column":null}},"type":"binary-expr","locations":[{"start":{"line":73,"column":7},"end":{"line":73,"column":null}},{"start":{"line":73,"column":7},"end":{"line":75,"column":null}}],"line":73}},"s":{"0":1,"1":24,"2":24,"3":24,"4":24,"5":2,"6":2,"7":1,"8":1,"9":1,"10":1,"11":1,"12":24,"13":16,"14":72,"15":1},"f":{"0":24,"1":2,"2":1,"3":16,"4":72,"5":1},"b":{"0":[1,1],"1":[1,23],"2":[24,1]},"meta":{"lastBranch":3,"lastFunction":6,"lastStatement":16,"seen":{"s:8:20:95:Infinity":0,"f:8:20:8:Infinity":0,"s:9:31:9:Infinity":1,"s:10:33:10:Infinity":2,"s:11:8:11:Infinity":3,"s:13:23:27:Infinity":4,"f:13:23:13:30":1,"s:14:4:14:Infinity":5,"b:16:4:19:Infinity:undefined:undefined:undefined:undefined":0,"s:16:4:19:Infinity":6,"s:17:6:17:Infinity":7,"s:18:6:18:Infinity":8,"s:21:4:21:Infinity":9,"s:24:4:26:Infinity":10,"f:24:15:24:Infinity":2,"s:25:6:25:Infinity":11,"s:29:2:84:Infinity":12,"f:43:24:43:25":3,"s:43:31:43:Infinity":13,"b:57:13:63:15:63:14:65:Infinity":1,"b:73:7:73:Infinity:73:7:75:Infinity":2,"f:82:50:82:51":4,"s:82:51:84:Infinity":14,"f:86:21:86:27":5,"s:86:27:86:Infinity":15}}}
,"/Users/leo/Web/project/gitfolio-x/src/components/LanguageChart.tsx": {"path":"/Users/leo/Web/project/gitfolio-x/src/components/LanguageChart.tsx","statementMap":{"0":{"start":{"line":7,"column":22},"end":{"line":55,"column":null}},"1":{"start":{"line":8,"column":21},"end":{"line":8,"column":null}},"2":{"start":{"line":8,"column":53},"end":{"line":8,"column":69}},"3":{"start":{"line":11,"column":23},"end":{"line":11,"column":null}},"4":{"start":{"line":13,"column":2},"end":{"line":44,"column":31}},"5":{"start":{"line":18,"column":29},"end":{"line":18,"column":null}},"6":{"start":{"line":20,"column":10},"end":{"line":21,"column":33}},"7":{"start":{"line":43,"column":27},"end":{"line":44,"column":31}}},"fnMap":{"0":{"name":"(anonymous_0)","decl":{"start":{"line":7,"column":22},"end":{"line":7,"column":23}},"loc":{"start":{"line":7,"column":56},"end":{"line":55,"column":null}},"line":7},"1":{"name":"(anonymous_1)","decl":{"start":{"line":8,"column":38},"end":{"line":8,"column":39}},"loc":{"start":{"line":8,"column":53},"end":{"line":8,"column":69}},"line":8},"2":{"name":"(anonymous_2)","decl":{"start":{"line":17,"column":26},"end":{"line":17,"column":27}},"loc":{"start":{"line":17,"column":33},"end":{"line":38,"column":null}},"line":17},"3":{"name":"(anonymous_3)","decl":{"start":{"line":43,"column":26},"end":{"line":43,"column":27}},"loc":{"start":{"line":43,"column":27},"end":{"line":44,"column":31}},"line":43}},"branchMap":{"0":{"loc":{"start":{"line":18,"column":29},"end":{"line":18,"column":null}},"type":"cond-expr","locations":[{"start":{"line":18,"column":46},"end":{"line":18,"column":80}},{"start":{"line":18,"column":80},"end":{"line":18,"column":null}}],"line":18}},"s":{"0":0,"1":0,"2":0,"3":0,"4":0,"5":0,"6":0,"7":0},"f":{"0":0,"1":0,"2":0,"3":0},"b":{"0":[0,0]},"meta":{"lastBranch":1,"lastFunction":4,"lastStatement":8,"seen":{"s:7:22:55:Infinity":0,"f:7:22:7:23":0,"s:8:21:8:Infinity":1,"f:8:38:8:39":1,"s:8:53:8:69":2,"s:11:23:11:Infinity":3,"s:13:2:44:31":4,"f:17:26:17:27":2,"s:18:29:18:Infinity":5,"b:18:46:18:80:18:80:18:Infinity":0,"s:20:10:21:33":6,"f:43:26:43:27":3,"s:43:27:44:31":7}}}
,"/Users/leo/Web/project/gitfolio-x/src/components/NavLink.tsx": {"path":"/Users/leo/Web/project/gitfolio-x/src/components/NavLink.tsx","statementMap":{"0":{"start":{"line":11,"column":6},"end":{"line":23,"column":null}},"1":{"start":{"line":13,"column":4},"end":{"line":20,"column":null}},"2":{"start":{"line":17,"column":43},"end":{"line":18,"column":null}},"3":{"start":{"line":26,"column":0},"end":{"line":26,"column":null}}},"fnMap":{"0":{"name":"(anonymous_0)","decl":{"start":{"line":12,"column":2},"end":{"line":12,"column":3}},"loc":{"start":{"line":12,"column":67},"end":{"line":23,"column":null}},"line":12},"1":{"name":"(anonymous_1)","decl":{"start":{"line":17,"column":19},"end":{"line":17,"column":20}},"loc":{"start":{"line":17,"column":43},"end":{"line":18,"column":null}},"line":17}},"branchMap":{"0":{"loc":{"start":{"line":18,"column":24},"end":{"line":18,"column":53}},"type":"binary-expr","locations":[{"start":{"line":18,"column":24},"end":{"line":18,"column":36}},{"start":{"line":18,"column":36},"end":{"line":18,"column":53}}],"line":18},"1":{"loc":{"start":{"line":18,"column":53},"end":{"line":18,"column":null}},"type":"binary-expr","locations":[{"start":{"line":18,"column":53},"end":{"line":18,"column":66}},{"start":{"line":18,"column":66},"end":{"line":18,"column":null}}],"line":18}},"s":{"0":1,"1":5,"2":5,"3":1},"f":{"0":5,"1":5},"b":{"0":[5,1],"1":[5,0]},"meta":{"lastBranch":2,"lastFunction":2,"lastStatement":4,"seen":{"s:11:6:23:Infinity":0,"f:12:2:12:3":0,"s:13:4:20:Infinity":1,"f:17:19:17:20":1,"s:17:43:18:Infinity":2,"b:18:24:18:36:18:36:18:53":0,"b:18:53:18:66:18:66:18:Infinity":1,"s:26:0:26:Infinity":3}}}
,"/Users/leo/Web/project/gitfolio-x/src/components/RepoCard.tsx": {"path":"/Users/leo/Web/project/gitfolio-x/src/components/RepoCard.tsx","statementMap":{"0":{"start":{"line":10,"column":17},"end":{"line":85,"column":null}},"1":{"start":{"line":12,"column":21},"end":{"line":12,"column":null}},"2":{"start":{"line":13,"column":15},"end":{"line":13,"column":null}},"3":{"start":{"line":15,"column":2},"end":{"line":79,"column":null}}},"fnMap":{"0":{"name":"(anonymous_0)","decl":{"start":{"line":10,"column":17},"end":{"line":10,"column":18}},"loc":{"start":{"line":10,"column":48},"end":{"line":85,"column":null}},"line":10}},"branchMap":{"0":{"loc":{"start":{"line":31,"column":49},"end":{"line":31,"column":90}},"type":"binary-expr","locations":[{"start":{"line":31,"column":49},"end":{"line":31,"column":67}},{"start":{"line":31,"column":71},"end":{"line":31,"column":90}}],"line":31},"1":{"loc":{"start":{"line":42,"column":29},"end":{"line":42,"column":null}},"type":"binary-expr","locations":[{"start":{"line":42,"column":29},"end":{"line":42,"column":47}},{"start":{"line":42,"column":51},"end":{"line":42,"column":null}}],"line":42},"2":{"loc":{"start":{"line":43,"column":35},"end":{"line":43,"column":null}},"type":"binary-expr","locations":[{"start":{"line":43,"column":35},"end":{"line":43,"column":53}},{"start":{"line":43,"column":57},"end":{"line":43,"column":null}}],"line":43},"3":{"loc":{"start":{"line":59,"column":11},"end":{"line":59,"column":null}},"type":"binary-expr","locations":[{"start":{"line":59,"column":11},"end":{"line":59,"column":27}},{"start":{"line":59,"column":31},"end":{"line":59,"column":null}}],"line":59},"4":{"loc":{"start":{"line":64,"column":11},"end":{"line":70,"column":null}},"type":"binary-expr","locations":[{"start":{"line":64,"column":11},"end":{"line":64,"column":24}},{"start":{"line":64,"column":24},"end":{"line":70,"column":null}}],"line":64},"5":{"loc":{"start":{"line":68,"column":42},"end":{"line":68,"column":74}},"type":"binary-expr","locations":[{"start":{"line":68,"column":42},"end":{"line":68,"column":60}},{"start":{"line":68,"column":64},"end":{"line":68,"column":74}}],"line":68}},"s":{"0":1,"1":7,"2":7,"3":7},"f":{"0":7},"b":{"0":[7,0],"1":[7,0],"2":[7,0],"3":[7,1],"4":[7,7],"5":[7,0]},"meta":{"lastBranch":6,"lastFunction":1,"lastStatement":4,"seen":{"s:10:17:85:Infinity":0,"f:10:17:10:18":0,"s:12:21:12:Infinity":1,"s:13:15:13:Infinity":2,"s:15:2:79:Infinity":3,"b:31:49:31:67:31:71:31:90":0,"b:42:29:42:47:42:51:42:Infinity":1,"b:43:35:43:53:43:57:43:Infinity":2,"b:59:11:59:27:59:31:59:Infinity":3,"b:64:11:64:24:64:24:70:Infinity":4,"b:68:42:68:60:68:64:68:74":5}}}
,"/Users/leo/Web/project/gitfolio-x/src/components/SkillsRadar.tsx": {"path":"/Users/leo/Web/project/gitfolio-x/src/components/SkillsRadar.tsx","statementMap":{"0":{"start":{"line":7,"column":20},"end":{"line":141,"column":null}},"1":{"start":{"line":8,"column":52},"end":{"line":15,"column":null}},"2":{"start":{"line":17,"column":23},"end":{"line":17,"column":null}},"3":{"start":{"line":18,"column":19},"end":{"line":18,"column":null}},"4":{"start":{"line":19,"column":18},"end":{"line":19,"column":null}},"5":{"start":{"line":20,"column":18},"end":{"line":20,"column":null}},"6":{"start":{"line":21,"column":17},"end":{"line":21,"column":null}},"7":{"start":{"line":24,"column":19},"end":{"line":31,"column":null}},"8":{"start":{"line":25,"column":18},"end":{"line":25,"column":null}},"9":{"start":{"line":26,"column":14},"end":{"line":26,"column":null}},"10":{"start":{"line":27,"column":4},"end":{"line":30,"column":null}},"11":{"start":{"line":34,"column":24},"end":{"line":39,"column":null}},"12":{"start":{"line":36,"column":20},"end":{"line":36,"column":null}},"13":{"start":{"line":37,"column":6},"end":{"line":37,"column":null}},"14":{"start":{"line":42,"column":21},"end":{"line":42,"column":null}},"15":{"start":{"line":44,"column":2},"end":{"line":137,"column":null}},"16":{"start":{"line":48,"column":25},"end":{"line":50,"column":null}},"17":{"start":{"line":53,"column":30},"end":{"line":53,"column":null}},"18":{"start":{"line":54,"column":16},"end":{"line":54,"column":null}},"19":{"start":{"line":66,"column":24},"end":{"line":66,"column":null}},"20":{"start":{"line":67,"column":10},"end":{"line":69,"column":null}},"21":{"start":{"line":99,"column":24},"end":{"line":99,"column":null}},"22":{"start":{"line":100,"column":10},"end":{"line":102,"column":null}},"23":{"start":{"line":114,"column":29},"end":{"line":114,"column":null}},"24":{"start":{"line":115,"column":10},"end":{"line":116,"column":null}}},"fnMap":{"0":{"name":"(anonymous_0)","decl":{"start":{"line":7,"column":20},"end":{"line":7,"column":21}},"loc":{"start":{"line":7,"column":49},"end":{"line":141,"column":null}},"line":7},"1":{"name":"(anonymous_1)","decl":{"start":{"line":24,"column":19},"end":{"line":24,"column":20}},"loc":{"start":{"line":24,"column":35},"end":{"line":31,"column":null}},"line":24},"2":{"name":"(anonymous_2)","decl":{"start":{"line":35,"column":9},"end":{"line":35,"column":10}},"loc":{"start":{"line":35,"column":21},"end":{"line":38,"column":null}},"line":35},"3":{"name":"(anonymous_3)","decl":{"start":{"line":48,"column":24},"end":{"line":48,"column":25}},"loc":{"start":{"line":48,"column":25},"end":{"line":50,"column":null}},"line":48},"4":{"name":"(anonymous_4)","decl":{"start":{"line":52,"column":19},"end":{"line":52,"column":20}},"loc":{"start":{"line":52,"column":23},"end":{"line":55,"column":null}},"line":52},"5":{"name":"(anonymous_5)","decl":{"start":{"line":65,"column":26},"end":{"line":65,"column":27}},"loc":{"start":{"line":65,"column":30},"end":{"line":79,"column":null}},"line":65},"6":{"name":"(anonymous_6)","decl":{"start":{"line":98,"column":26},"end":{"line":98,"column":27}},"loc":{"start":{"line":98,"column":38},"end":{"line":110,"column":null}},"line":98},"7":{"name":"(anonymous_7)","decl":{"start":{"line":113,"column":26},"end":{"line":113,"column":27}},"loc":{"start":{"line":113,"column":41},"end":{"line":137,"column":null}},"line":113}},"branchMap":{},"s":{"0":0,"1":0,"2":0,"3":0,"4":0,"5":0,"6":0,"7":0,"8":0,"9":0,"10":0,"11":0,"12":0,"13":0,"14":0,"15":0,"16":0,"17":0,"18":0,"19":0,"20":0,"21":0,"22":0,"23":0,"24":0},"f":{"0":0,"1":0,"2":0,"3":0,"4":0,"5":0,"6":0,"7":0},"b":{},"meta":{"lastBranch":0,"lastFunction":8,"lastStatement":25,"seen":{"s:7:20:141:Infinity":0,"f:7:20:7:21":0,"s:8:52:15:Infinity":1,"s:17:23:17:Infinity":2,"s:18:19:18:Infinity":3,"s:19:18:19:Infinity":4,"s:20:18:20:Infinity":5,"s:21:17:21:Infinity":6,"s:24:19:31:Infinity":7,"f:24:19:24:20":1,"s:25:18:25:Infinity":8,"s:26:14:26:Infinity":9,"s:27:4:30:Infinity":10,"s:34:24:39:Infinity":11,"f:35:9:35:10":2,"s:36:20:36:Infinity":12,"s:37:6:37:Infinity":13,"s:42:21:42:Infinity":14,"s:44:2:137:Infinity":15,"f:48:24:48:25":3,"s:48:25:50:Infinity":16,"f:52:19:52:20":4,"s:53:30:53:Infinity":17,"s:54:16:54:Infinity":18,"f:65:26:65:27":5,"s:66:24:66:Infinity":19,"s:67:10:69:Infinity":20,"f:98:26:98:27":6,"s:99:24:99:Infinity":21,"s:100:10:102:Infinity":22,"f:113:26:113:27":7,"s:114:29:114:Infinity":23,"s:115:10:116:Infinity":24}}}
,"/Users/leo/Web/project/gitfolio-x/src/components/StarField.tsx": {"path":"/Users/leo/Web/project/gitfolio-x/src/components/StarField.tsx","statementMap":{"0":{"start":{"line":32,"column":18},"end":{"line":314,"column":null}},"1":{"start":{"line":33,"column":8},"end":{"line":33,"column":null}},"2":{"start":{"line":34,"column":8},"end":{"line":34,"column":null}},"3":{"start":{"line":35,"column":8},"end":{"line":35,"column":null}},"4":{"start":{"line":36,"column":8},"end":{"line":36,"column":null}},"5":{"start":{"line":37,"column":8},"end":{"line":37,"column":null}},"6":{"start":{"line":38,"column":8},"end":{"line":38,"column":null}},"7":{"start":{"line":40,"column":8},"end":{"line":50,"column":null}},"8":{"start":{"line":41,"column":22},"end":{"line":41,"column":null}},"9":{"start":{"line":42,"column":4},"end":{"line":49,"column":null}},"10":{"start":{"line":42,"column":52},"end":{"line":49,"column":null}},"11":{"start":{"line":52,"column":2},"end":{"line":305,"column":null}},"12":{"start":{"line":53,"column":19},"end":{"line":53,"column":36}},"13":{"start":{"line":54,"column":4},"end":{"line":54,"column":null}},"14":{"start":{"line":54,"column":17},"end":{"line":54,"column":null}},"15":{"start":{"line":56,"column":16},"end":{"line":56,"column":null}},"16":{"start":{"line":57,"column":4},"end":{"line":57,"column":null}},"17":{"start":{"line":57,"column":14},"end":{"line":57,"column":null}},"18":{"start":{"line":59,"column":25},"end":{"line":62,"column":null}},"19":{"start":{"line":60,"column":6},"end":{"line":60,"column":null}},"20":{"start":{"line":61,"column":6},"end":{"line":61,"column":null}},"21":{"start":{"line":64,"column":4},"end":{"line":64,"column":null}},"22":{"start":{"line":65,"column":4},"end":{"line":65,"column":null}},"23":{"start":{"line":67,"column":15},"end":{"line":67,"column":null}},"24":{"start":{"line":70,"column":25},"end":{"line":96,"column":null}},"25":{"start":{"line":71,"column":19},"end":{"line":71,"column":null}},"26":{"start":{"line":74,"column":6},"end":{"line":84,"column":null}},"27":{"start":{"line":76,"column":8},"end":{"line":76,"column":null}},"28":{"start":{"line":77,"column":8},"end":{"line":77,"column":null}},"29":{"start":{"line":78,"column":8},"end":{"line":78,"column":null}},"30":{"start":{"line":81,"column":8},"end":{"line":81,"column":null}},"31":{"start":{"line":82,"column":8},"end":{"line":82,"column":null}},"32":{"start":{"line":83,"column":8},"end":{"line":83,"column":null}},"33":{"start":{"line":86,"column":6},"end":{"line":95,"column":null}},"34":{"start":{"line":99,"column":29},"end":{"line":130,"column":null}},"35":{"start":{"line":100,"column":6},"end":{"line":100,"column":null}},"36":{"start":{"line":100,"column":28},"end":{"line":100,"column":null}},"37":{"start":{"line":103,"column":25},"end":{"line":103,"column":null}},"38":{"start":{"line":104,"column":23},"end":{"line":104,"column":null}},"39":{"start":{"line":105,"column":20},"end":{"line":105,"column":null}},"40":{"start":{"line":108,"column":6},"end":{"line":118,"column":null}},"41":{"start":{"line":109,"column":8},"end":{"line":109,"column":null}},"42":{"start":{"line":109,"column":34},"end":{"line":109,"column":null}},"43":{"start":{"line":110,"column":21},"end":{"line":112,"column":null}},"44":{"start":{"line":114,"column":8},"end":{"line":117,"column":null}},"45":{"start":{"line":115,"column":10},"end":{"line":115,"column":null}},"46":{"start":{"line":116,"column":10},"end":{"line":116,"column":null}},"47":{"start":{"line":120,"column":6},"end":{"line":129,"column":null}},"48":{"start":{"line":121,"column":8},"end":{"line":128,"column":null}},"49":{"start":{"line":132,"column":20},"end":{"line":295,"column":null}},"50":{"start":{"line":133,"column":6},"end":{"line":133,"column":null}},"51":{"start":{"line":133,"column":27},"end":{"line":133,"column":null}},"52":{"start":{"line":135,"column":6},"end":{"line":135,"column":null}},"53":{"start":{"line":136,"column":26},"end":{"line":136,"column":null}},"54":{"start":{"line":139,"column":6},"end":{"line":142,"column":null}},"55":{"start":{"line":140,"column":8},"end":{"line":140,"column":null}},"56":{"start":{"line":141,"column":8},"end":{"line":141,"column":null}},"57":{"start":{"line":145,"column":6},"end":{"line":150,"column":null}},"58":{"start":{"line":146,"column":8},"end":{"line":148,"column":null}},"59":{"start":{"line":147,"column":10},"end":{"line":147,"column":null}},"60":{"start":{"line":149,"column":8},"end":{"line":149,"column":null}},"61":{"start":{"line":153,"column":6},"end":{"line":194,"column":null}},"62":{"start":{"line":154,"column":22},"end":{"line":154,"column":39}},"63":{"start":{"line":155,"column":22},"end":{"line":155,"column":39}},"64":{"start":{"line":157,"column":19},"end":{"line":157,"column":49}},"65":{"start":{"line":158,"column":19},"end":{"line":158,"column":50}},"66":{"start":{"line":159,"column":19},"end":{"line":159,"column":49}},"67":{"start":{"line":160,"column":19},"end":{"line":160,"column":50}},"68":{"start":{"line":163,"column":8},"end":{"line":163,"column":null}},"69":{"start":{"line":164,"column":8},"end":{"line":166,"column":null}},"70":{"start":{"line":165,"column":10},"end":{"line":165,"column":null}},"71":{"start":{"line":168,"column":8},"end":{"line":168,"column":null}},"72":{"start":{"line":170,"column":8},"end":{"line":172,"column":null}},"73":{"start":{"line":171,"column":10},"end":{"line":171,"column":null}},"74":{"start":{"line":175,"column":25},"end":{"line":175,"column":null}},"75":{"start":{"line":176,"column":8},"end":{"line":176,"column":null}},"76":{"start":{"line":177,"column":8},"end":{"line":177,"column":null}},"77":{"start":{"line":178,"column":8},"end":{"line":178,"column":null}},"78":{"start":{"line":180,"column":8},"end":{"line":180,"column":null}},"79":{"start":{"line":181,"column":8},"end":{"line":181,"column":null}},"80":{"start":{"line":182,"column":8},"end":{"line":182,"column":null}},"81":{"start":{"line":183,"column":8},"end":{"line":183,"column":null}},"82":{"start":{"line":184,"column":8},"end":{"line":184,"column":null}},"83":{"start":{"line":185,"column":8},"end":{"line":185,"column":null}},"84":{"start":{"line":188,"column":8},"end":{"line":188,"column":null}},"85":{"start":{"line":189,"column":8},"end":{"line":189,"column":null}},"86":{"start":{"line":190,"column":8},"end":{"line":190,"column":null}},"87":{"start":{"line":191,"column":8},"end":{"line":191,"column":null}},"88":{"start":{"line":193,"column":8},"end":{"line":193,"column":null}},"89":{"start":{"line":197,"column":6},"end":{"line":267,"column":null}},"90":{"start":{"line":198,"column":8},"end":{"line":198,"column":null}},"91":{"start":{"line":198,"column":28},"end":{"line":198,"column":null}},"92":{"start":{"line":201,"column":8},"end":{"line":201,"column":null}},"93":{"start":{"line":202,"column":8},"end":{"line":202,"column":null}},"94":{"start":{"line":205,"column":8},"end":{"line":205,"column":null}},"95":{"start":{"line":208,"column":8},"end":{"line":210,"column":null}},"96":{"start":{"line":209,"column":10},"end":{"line":209,"column":null}},"97":{"start":{"line":213,"column":8},"end":{"line":215,"column":null}},"98":{"start":{"line":214,"column":10},"end":{"line":214,"column":null}},"99":{"start":{"line":218,"column":8},"end":{"line":221,"column":null}},"100":{"start":{"line":220,"column":10},"end":{"line":220,"column":null}},"101":{"start":{"line":224,"column":8},"end":{"line":250,"column":null}},"102":{"start":{"line":225,"column":10},"end":{"line":225,"column":null}},"103":{"start":{"line":226,"column":10},"end":{"line":226,"column":null}},"104":{"start":{"line":228,"column":10},"end":{"line":230,"column":null}},"105":{"start":{"line":228,"column":23},"end":{"line":228,"column":26}},"106":{"start":{"line":229,"column":12},"end":{"line":229,"column":null}},"107":{"start":{"line":232,"column":32},"end":{"line":234,"column":null}},"108":{"start":{"line":236,"column":10},"end":{"line":236,"column":null}},"109":{"start":{"line":237,"column":10},"end":{"line":237,"column":null}},"110":{"start":{"line":238,"column":10},"end":{"line":238,"column":null}},"111":{"start":{"line":240,"column":10},"end":{"line":240,"column":null}},"112":{"start":{"line":241,"column":10},"end":{"line":241,"column":null}},"113":{"start":{"line":242,"column":10},"end":{"line":242,"column":null}},"114":{"start":{"line":243,"column":10},"end":{"line":243,"column":null}},"115":{"start":{"line":246,"column":10},"end":{"line":246,"column":null}},"116":{"start":{"line":247,"column":10},"end":{"line":247,"column":null}},"117":{"start":{"line":248,"column":10},"end":{"line":248,"column":null}},"118":{"start":{"line":249,"column":10},"end":{"line":249,"column":null}},"119":{"start":{"line":253,"column":29},"end":{"line":255,"column":null}},"120":{"start":{"line":257,"column":8},"end":{"line":257,"column":null}},"121":{"start":{"line":258,"column":8},"end":{"line":258,"column":null}},"122":{"start":{"line":259,"column":8},"end":{"line":259,"column":null}},"123":{"start":{"line":261,"column":8},"end":{"line":261,"column":null}},"124":{"start":{"line":262,"column":8},"end":{"line":262,"column":null}},"125":{"start":{"line":263,"column":8},"end":{"line":263,"column":null}},"126":{"start":{"line":264,"column":8},"end":{"line":264,"column":null}},"127":{"start":{"line":266,"column":8},"end":{"line":266,"column":null}},"128":{"start":{"line":270,"column":6},"end":{"line":291,"column":null}},"129":{"start":{"line":271,"column":24},"end":{"line":271,"column":null}},"130":{"start":{"line":272,"column":18},"end":{"line":272,"column":47}},"131":{"start":{"line":273,"column":18},"end":{"line":273,"column":48}},"132":{"start":{"line":276,"column":25},"end":{"line":276,"column":null}},"133":{"start":{"line":277,"column":8},"end":{"line":277,"column":null}},"134":{"start":{"line":278,"column":8},"end":{"line":278,"column":null}},"135":{"start":{"line":279,"column":8},"end":{"line":279,"column":null}},"136":{"start":{"line":281,"column":8},"end":{"line":281,"column":null}},"137":{"start":{"line":282,"column":8},"end":{"line":282,"column":null}},"138":{"start":{"line":283,"column":8},"end":{"line":283,"column":null}},"139":{"start":{"line":284,"column":8},"end":{"line":284,"column":null}},"140":{"start":{"line":287,"column":8},"end":{"line":287,"column":null}},"141":{"start":{"line":288,"column":8},"end":{"line":288,"column":null}},"142":{"start":{"line":289,"column":8},"end":{"line":289,"column":null}},"143":{"start":{"line":290,"column":8},"end":{"line":290,"column":null}},"144":{"start":{"line":293,"column":6},"end":{"line":293,"column":null}},"145":{"start":{"line":294,"column":6},"end":{"line":294,"column":null}},"146":{"start":{"line":297,"column":4},"end":{"line":297,"column":null}},"147":{"start":{"line":299,"column":4},"end":{"line":304,"column":null}},"148":{"start":{"line":300,"column":6},"end":{"line":300,"column":null}},"149":{"start":{"line":301,"column":6},"end":{"line":303,"column":null}},"150":{"start":{"line":302,"column":8},"end":{"line":302,"column":null}},"151":{"start":{"line":307,"column":2},"end":{"line":311,"column":null}}},"fnMap":{"0":{"name":"(anonymous_0)","decl":{"start":{"line":32,"column":18},"end":{"line":32,"column":null}},"loc":{"start":{"line":32,"column":18},"end":{"line":314,"column":null}},"line":32},"1":{"name":"(anonymous_1)","decl":{"start":{"line":40,"column":24},"end":{"line":40,"column":null}},"loc":{"start":{"line":40,"column":24},"end":{"line":50,"column":5}},"line":40},"2":{"name":"(anonymous_2)","decl":{"start":{"line":42,"column":45},"end":{"line":42,"column":52}},"loc":{"start":{"line":42,"column":52},"end":{"line":49,"column":null}},"line":42},"3":{"name":"(anonymous_3)","decl":{"start":{"line":52,"column":12},"end":{"line":52,"column":null}},"loc":{"start":{"line":52,"column":12},"end":{"line":305,"column":5}},"line":52},"4":{"name":"(anonymous_4)","decl":{"start":{"line":59,"column":25},"end":{"line":59,"column":null}},"loc":{"start":{"line":59,"column":25},"end":{"line":62,"column":null}},"line":59},"5":{"name":"(anonymous_5)","decl":{"start":{"line":70,"column":25},"end":{"line":70,"column":null}},"loc":{"start":{"line":70,"column":25},"end":{"line":96,"column":null}},"line":70},"6":{"name":"(anonymous_6)","decl":{"start":{"line":99,"column":29},"end":{"line":99,"column":null}},"loc":{"start":{"line":99,"column":29},"end":{"line":130,"column":null}},"line":99},"7":{"name":"(anonymous_7)","decl":{"start":{"line":108,"column":20},"end":{"line":108,"column":21}},"loc":{"start":{"line":108,"column":27},"end":{"line":118,"column":null}},"line":108},"8":{"name":"(anonymous_8)","decl":{"start":{"line":132,"column":20},"end":{"line":132,"column":null}},"loc":{"start":{"line":132,"column":20},"end":{"line":295,"column":null}},"line":132},"9":{"name":"(anonymous_9)","decl":{"start":{"line":153,"column":61},"end":{"line":153,"column":null}},"loc":{"start":{"line":153,"column":61},"end":{"line":194,"column":null}},"line":153},"10":{"name":"(anonymous_10)","decl":{"start":{"line":197,"column":53},"end":{"line":197,"column":null}},"loc":{"start":{"line":197,"column":53},"end":{"line":267,"column":null}},"line":197},"11":{"name":"(anonymous_11)","decl":{"start":{"line":213,"column":29},"end":{"line":213,"column":30}},"loc":{"start":{"line":213,"column":37},"end":{"line":215,"column":null}},"line":213},"12":{"name":"(anonymous_12)","decl":{"start":{"line":270,"column":20},"end":{"line":270,"column":21}},"loc":{"start":{"line":270,"column":21},"end":{"line":291,"column":null}},"line":270},"13":{"name":"(anonymous_13)","decl":{"start":{"line":299,"column":11},"end":{"line":299,"column":null}},"loc":{"start":{"line":299,"column":11},"end":{"line":304,"column":null}},"line":299}},"branchMap":{"0":{"loc":{"start":{"line":54,"column":4},"end":{"line":54,"column":null}},"type":"if","locations":[{"start":{"line":54,"column":4},"end":{"line":54,"column":null}},{"start":{},"end":{}}],"line":54},"1":{"loc":{"start":{"line":57,"column":4},"end":{"line":57,"column":null}},"type":"if","locations":[{"start":{"line":57,"column":4},"end":{"line":57,"column":null}},{"start":{},"end":{}}],"line":57},"2":{"loc":{"start":{"line":74,"column":6},"end":{"line":84,"column":null}},"type":"if","locations":[{"start":{"line":74,"column":6},"end":{"line":84,"column":null}},{"start":{"line":79,"column":13},"end":{"line":84,"column":null}}],"line":74},"3":{"loc":{"start":{"line":100,"column":6},"end":{"line":100,"column":null}},"type":"if","locations":[{"start":{"line":100,"column":6},"end":{"line":100,"column":null}},{"start":{},"end":{}}],"line":100},"4":{"loc":{"start":{"line":109,"column":8},"end":{"line":109,"column":null}},"type":"if","locations":[{"start":{"line":109,"column":8},"end":{"line":109,"column":null}},{"start":{},"end":{}}],"line":109},"5":{"loc":{"start":{"line":114,"column":8},"end":{"line":117,"column":null}},"type":"if","locations":[{"start":{"line":114,"column":8},"end":{"line":117,"column":null}},{"start":{},"end":{}}],"line":114},"6":{"loc":{"start":{"line":114,"column":12},"end":{"line":114,"column":55}},"type":"binary-expr","locations":[{"start":{"line":114,"column":12},"end":{"line":114,"column":25}},{"start":{"line":114,"column":25},"end":{"line":114,"column":39}},{"start":{"line":114,"column":39},"end":{"line":114,"column":55}}],"line":114},"7":{"loc":{"start":{"line":120,"column":6},"end":{"line":129,"column":null}},"type":"if","locations":[{"start":{"line":120,"column":6},"end":{"line":129,"column":null}},{"start":{},"end":{}}],"line":120},"8":{"loc":{"start":{"line":133,"column":6},"end":{"line":133,"column":null}},"type":"if","locations":[{"start":{"line":133,"column":6},"end":{"line":133,"column":null}},{"start":{},"end":{}}],"line":133},"9":{"loc":{"start":{"line":133,"column":10},"end":{"line":133,"column":27}},"type":"binary-expr","locations":[{"start":{"line":133,"column":10},"end":{"line":133,"column":18}},{"start":{"line":133,"column":18},"end":{"line":133,"column":27}}],"line":133},"10":{"loc":{"start":{"line":139,"column":6},"end":{"line":142,"column":null}},"type":"if","locations":[{"start":{"line":139,"column":6},"end":{"line":142,"column":null}},{"start":{},"end":{}}],"line":139},"11":{"loc":{"start":{"line":145,"column":6},"end":{"line":150,"column":null}},"type":"if","locations":[{"start":{"line":145,"column":6},"end":{"line":150,"column":null}},{"start":{},"end":{}}],"line":145},"12":{"loc":{"start":{"line":146,"column":8},"end":{"line":148,"column":null}},"type":"if","locations":[{"start":{"line":146,"column":8},"end":{"line":148,"column":null}},{"start":{},"end":{}}],"line":146},"13":{"loc":{"start":{"line":164,"column":8},"end":{"line":166,"column":null}},"type":"if","locations":[{"start":{"line":164,"column":8},"end":{"line":166,"column":null}},{"start":{},"end":{}}],"line":164},"14":{"loc":{"start":{"line":170,"column":8},"end":{"line":172,"column":null}},"type":"if","locations":[{"start":{"line":170,"column":8},"end":{"line":172,"column":null}},{"start":{},"end":{}}],"line":170},"15":{"loc":{"start":{"line":170,"column":12},"end":{"line":170,"column":49}},"type":"binary-expr","locations":[{"start":{"line":170,"column":12},"end":{"line":170,"column":30}},{"start":{"line":170,"column":30},"end":{"line":170,"column":49}}],"line":170},"16":{"loc":{"start":{"line":198,"column":8},"end":{"line":198,"column":null}},"type":"if","locations":[{"start":{"line":198,"column":8},"end":{"line":198,"column":null}},{"start":{},"end":{}}],"line":198},"17":{"loc":{"start":{"line":208,"column":8},"end":{"line":210,"column":null}},"type":"if","locations":[{"start":{"line":208,"column":8},"end":{"line":210,"column":null}},{"start":{},"end":{}}],"line":208},"18":{"loc":{"start":{"line":218,"column":8},"end":{"line":221,"column":null}},"type":"if","locations":[{"start":{"line":218,"column":8},"end":{"line":221,"column":null}},{"start":{},"end":{}}],"line":218},"19":{"loc":{"start":{"line":218,"column":12},"end":{"line":219,"column":63}},"type":"binary-expr","locations":[{"start":{"line":218,"column":12},"end":{"line":218,"column":31}},{"start":{"line":218,"column":31},"end":{"line":218,"column":null}},{"start":{"line":219,"column":12},"end":{"line":219,"column":31}},{"start":{"line":219,"column":31},"end":{"line":219,"column":63}}],"line":218},"20":{"loc":{"start":{"line":224,"column":8},"end":{"line":250,"column":null}},"type":"if","locations":[{"start":{"line":224,"column":8},"end":{"line":250,"column":null}},{"start":{},"end":{}}],"line":224},"21":{"loc":{"start":{"line":301,"column":6},"end":{"line":303,"column":null}},"type":"if","locations":[{"start":{"line":301,"column":6},"end":{"line":303,"column":null}},{"start":{},"end":{}}],"line":301}},"s":{"0":0,"1":0,"2":0,"3":0,"4":0,"5":0,"6":0,"7":0,"8":0,"9":0,"10":0,"11":0,"12":0,"13":0,"14":0,"15":0,"16":0,"17":0,"18":0,"19":0,"20":0,"21":0,"22":0,"23":0,"24":0,"25":0,"26":0,"27":0,"28":0,"29":0,"30":0,"31":0,"32":0,"33":0,"34":0,"35":0,"36":0,"37":0,"38":0,"39":0,"40":0,"41":0,"42":0,"43":0,"44":0,"45":0,"46":0,"47":0,"48":0,"49":0,"50":0,"51":0,"52":0,"53":0,"54":0,"55":0,"56":0,"57":0,"58":0,"59":0,"60":0,"61":0,"62":0,"63":0,"64":0,"65":0,"66":0,"67":0,"68":0,"69":0,"70":0,"71":0,"72":0,"73":0,"74":0,"75":0,"76":0,"77":0,"78":0,"79":0,"80":0,"81":0,"82":0,"83":0,"84":0,"85":0,"86":0,"87":0,"88":0,"89":0,"90":0,"91":0,"92":0,"93":0,"94":0,"95":0,"96":0,"97":0,"98":0,"99":0,"100":0,"101":0,"102":0,"103":0,"104":0,"105":0,"106":0,"107":0,"108":0,"109":0,"110":0,"111":0,"112":0,"113":0,"114":0,"115":0,"116":0,"117":0,"118":0,"119":0,"120":0,"121":0,"122":0,"123":0,"124":0,"125":0,"126":0,"127":0,"128":0,"129":0,"130":0,"131":0,"132":0,"133":0,"134":0,"135":0,"136":0,"137":0,"138":0,"139":0,"140":0,"141":0,"142":0,"143":0,"144":0,"145":0,"146":0,"147":0,"148":0,"149":0,"150":0,"151":0},"f":{"0":0,"1":0,"2":0,"3":0,"4":0,"5":0,"6":0,"7":0,"8":0,"9":0,"10":0,"11":0,"12":0,"13":0},"b":{"0":[0,0],"1":[0,0],"2":[0,0],"3":[0,0],"4":[0,0],"5":[0,0],"6":[0,0,0],"7":[0,0],"8":[0,0],"9":[0,0],"10":[0,0],"11":[0,0],"12":[0,0],"13":[0,0],"14":[0,0],"15":[0,0],"16":[0,0],"17":[0,0],"18":[0,0],"19":[0,0,0,0],"20":[0,0],"21":[0,0]},"meta":{"lastBranch":22,"lastFunction":14,"lastStatement":152,"seen":{"s:32:18:314:Infinity":0,"f:32:18:32:Infinity":0,"s:33:8:33:Infinity":1,"s:34:8:34:Infinity":2,"s:35:8:35:Infinity":3,"s:36:8:36:Infinity":4,"s:37:8:37:Infinity":5,"s:38:8:38:Infinity":6,"s:40:8:50:Infinity":7,"f:40:24:40:Infinity":1,"s:41:22:41:Infinity":8,"s:42:4:49:Infinity":9,"f:42:45:42:52":2,"s:42:52:49:Infinity":10,"s:52:2:305:Infinity":11,"f:52:12:52:Infinity":3,"s:53:19:53:36":12,"b:54:4:54:Infinity:undefined:undefined:undefined:undefined":0,"s:54:4:54:Infinity":13,"s:54:17:54:Infinity":14,"s:56:16:56:Infinity":15,"b:57:4:57:Infinity:undefined:undefined:undefined:undefined":1,"s:57:4:57:Infinity":16,"s:57:14:57:Infinity":17,"s:59:25:62:Infinity":18,"f:59:25:59:Infinity":4,"s:60:6:60:Infinity":19,"s:61:6:61:Infinity":20,"s:64:4:64:Infinity":21,"s:65:4:65:Infinity":22,"s:67:15:67:Infinity":23,"s:70:25:96:Infinity":24,"f:70:25:70:Infinity":5,"s:71:19:71:Infinity":25,"b:74:6:84:Infinity:79:13:84:Infinity":2,"s:74:6:84:Infinity":26,"s:76:8:76:Infinity":27,"s:77:8:77:Infinity":28,"s:78:8:78:Infinity":29,"s:81:8:81:Infinity":30,"s:82:8:82:Infinity":31,"s:83:8:83:Infinity":32,"s:86:6:95:Infinity":33,"s:99:29:130:Infinity":34,"f:99:29:99:Infinity":6,"b:100:6:100:Infinity:undefined:undefined:undefined:undefined":3,"s:100:6:100:Infinity":35,"s:100:28:100:Infinity":36,"s:103:25:103:Infinity":37,"s:104:23:104:Infinity":38,"s:105:20:105:Infinity":39,"s:108:6:118:Infinity":40,"f:108:20:108:21":7,"b:109:8:109:Infinity:undefined:undefined:undefined:undefined":4,"s:109:8:109:Infinity":41,"s:109:34:109:Infinity":42,"s:110:21:112:Infinity":43,"b:114:8:117:Infinity:undefined:undefined:undefined:undefined":5,"s:114:8:117:Infinity":44,"b:114:12:114:25:114:25:114:39:114:39:114:55":6,"s:115:10:115:Infinity":45,"s:116:10:116:Infinity":46,"b:120:6:129:Infinity:undefined:undefined:undefined:undefined":7,"s:120:6:129:Infinity":47,"s:121:8:128:Infinity":48,"s:132:20:295:Infinity":49,"f:132:20:132:Infinity":8,"b:133:6:133:Infinity:undefined:undefined:undefined:undefined":8,"s:133:6:133:Infinity":50,"b:133:10:133:18:133:18:133:27":9,"s:133:27:133:Infinity":51,"s:135:6:135:Infinity":52,"s:136:26:136:Infinity":53,"b:139:6:142:Infinity:undefined:undefined:undefined:undefined":10,"s:139:6:142:Infinity":54,"s:140:8:140:Infinity":55,"s:141:8:141:Infinity":56,"b:145:6:150:Infinity:undefined:undefined:undefined:undefined":11,"s:145:6:150:Infinity":57,"b:146:8:148:Infinity:undefined:undefined:undefined:undefined":12,"s:146:8:148:Infinity":58,"s:147:10:147:Infinity":59,"s:149:8:149:Infinity":60,"s:153:6:194:Infinity":61,"f:153:61:153:Infinity":9,"s:154:22:154:39":62,"s:155:22:155:39":63,"s:157:19:157:49":64,"s:158:19:158:50":65,"s:159:19:159:49":66,"s:160:19:160:50":67,"s:163:8:163:Infinity":68,"b:164:8:166:Infinity:undefined:undefined:undefined:undefined":13,"s:164:8:166:Infinity":69,"s:165:10:165:Infinity":70,"s:168:8:168:Infinity":71,"b:170:8:172:Infinity:undefined:undefined:undefined:undefined":14,"s:170:8:172:Infinity":72,"b:170:12:170:30:170:30:170:49":15,"s:171:10:171:Infinity":73,"s:175:25:175:Infinity":74,"s:176:8:176:Infinity":75,"s:177:8:177:Infinity":76,"s:178:8:178:Infinity":77,"s:180:8:180:Infinity":78,"s:181:8:181:Infinity":79,"s:182:8:182:Infinity":80,"s:183:8:183:Infinity":81,"s:184:8:184:Infinity":82,"s:185:8:185:Infinity":83,"s:188:8:188:Infinity":84,"s:189:8:189:Infinity":85,"s:190:8:190:Infinity":86,"s:191:8:191:Infinity":87,"s:193:8:193:Infinity":88,"s:197:6:267:Infinity":89,"f:197:53:197:Infinity":10,"b:198:8:198:Infinity:undefined:undefined:undefined:undefined":16,"s:198:8:198:Infinity":90,"s:198:28:198:Infinity":91,"s:201:8:201:Infinity":92,"s:202:8:202:Infinity":93,"s:205:8:205:Infinity":94,"b:208:8:210:Infinity:undefined:undefined:undefined:undefined":17,"s:208:8:210:Infinity":95,"s:209:10:209:Infinity":96,"s:213:8:215:Infinity":97,"f:213:29:213:30":11,"s:214:10:214:Infinity":98,"b:218:8:221:Infinity:undefined:undefined:undefined:undefined":18,"s:218:8:221:Infinity":99,"b:218:12:218:31:218:31:218:Infinity:219:12:219:31:219:31:219:63":19,"s:220:10:220:Infinity":100,"b:224:8:250:Infinity:undefined:undefined:undefined:undefined":20,"s:224:8:250:Infinity":101,"s:225:10:225:Infinity":102,"s:226:10:226:Infinity":103,"s:228:10:230:Infinity":104,"s:228:23:228:26":105,"s:229:12:229:Infinity":106,"s:232:32:234:Infinity":107,"s:236:10:236:Infinity":108,"s:237:10:237:Infinity":109,"s:238:10:238:Infinity":110,"s:240:10:240:Infinity":111,"s:241:10:241:Infinity":112,"s:242:10:242:Infinity":113,"s:243:10:243:Infinity":114,"s:246:10:246:Infinity":115,"s:247:10:247:Infinity":116,"s:248:10:248:Infinity":117,"s:249:10:249:Infinity":118,"s:253:29:255:Infinity":119,"s:257:8:257:Infinity":120,"s:258:8:258:Infinity":121,"s:259:8:259:Infinity":122,"s:261:8:261:Infinity":123,"s:262:8:262:Infinity":124,"s:263:8:263:Infinity":125,"s:264:8:264:Infinity":126,"s:266:8:266:Infinity":127,"s:270:6:291:Infinity":128,"f:270:20:270:21":12,"s:271:24:271:Infinity":129,"s:272:18:272:47":130,"s:273:18:273:48":131,"s:276:25:276:Infinity":132,"s:277:8:277:Infinity":133,"s:278:8:278:Infinity":134,"s:279:8:279:Infinity":135,"s:281:8:281:Infinity":136,"s:282:8:282:Infinity":137,"s:283:8:283:Infinity":138,"s:284:8:284:Infinity":139,"s:287:8:287:Infinity":140,"s:288:8:288:Infinity":141,"s:289:8:289:Infinity":142,"s:290:8:290:Infinity":143,"s:293:6:293:Infinity":144,"s:294:6:294:Infinity":145,"s:297:4:297:Infinity":146,"s:299:4:304:Infinity":147,"f:299:11:299:Infinity":13,"s:300:6:300:Infinity":148,"b:301:6:303:Infinity:undefined:undefined:undefined:undefined":21,"s:301:6:303:Infinity":149,"s:302:8:302:Infinity":150,"s:307:2:311:Infinity":151}}}
,"/Users/leo/Web/project/gitfolio-x/src/components/ui/accordion.tsx": {"path":"/Users/leo/Web/project/gitfolio-x/src/components/ui/accordion.tsx","statementMap":{"0":{"start":{"line":7,"column":18},"end":{"line":7,"column":41}},"1":{"start":{"line":9,"column":22},"end":{"line":13,"column":null}},"2":{"start":{"line":12,"column":28},"end":{"line":13,"column":null}},"3":{"start":{"line":15,"column":0},"end":{"line":15,"column":null}},"4":{"start":{"line":17,"column":25},"end":{"line":31,"column":null}},"5":{"start":{"line":20,"column":38},"end":{"line":31,"column":null}},"6":{"start":{"line":35,"column":0},"end":{"line":35,"column":null}},"7":{"start":{"line":37,"column":25},"end":{"line":46,"column":null}},"8":{"start":{"line":40,"column":38},"end":{"line":46,"column":null}},"9":{"start":{"line":50,"column":0},"end":{"line":50,"column":null}}},"fnMap":{"0":{"name":"(anonymous_0)","decl":{"start":{"line":12,"column":2},"end":{"line":12,"column":3}},"loc":{"start":{"line":12,"column":28},"end":{"line":13,"column":null}},"line":12},"1":{"name":"(anonymous_1)","decl":{"start":{"line":20,"column":2},"end":{"line":20,"column":3}},"loc":{"start":{"line":20,"column":38},"end":{"line":31,"column":null}},"line":20},"2":{"name":"(anonymous_2)","decl":{"start":{"line":40,"column":2},"end":{"line":40,"column":3}},"loc":{"start":{"line":40,"column":38},"end":{"line":46,"column":null}},"line":40}},"branchMap":{},"s":{"0":0,"1":0,"2":0,"3":0,"4":0,"5":0,"6":0,"7":0,"8":0,"9":0},"f":{"0":0,"1":0,"2":0},"b":{},"meta":{"lastBranch":0,"lastFunction":3,"lastStatement":10,"seen":{"s:7:18:7:41":0,"s:9:22:13:Infinity":1,"f:12:2:12:3":0,"s:12:28:13:Infinity":2,"s:15:0:15:Infinity":3,"s:17:25:31:Infinity":4,"f:20:2:20:3":1,"s:20:38:31:Infinity":5,"s:35:0:35:Infinity":6,"s:37:25:46:Infinity":7,"f:40:2:40:3":2,"s:40:38:46:Infinity":8,"s:50:0:50:Infinity":9}}}
,"/Users/leo/Web/project/gitfolio-x/src/components/ui/alert-dialog.tsx": {"path":"/Users/leo/Web/project/gitfolio-x/src/components/ui/alert-dialog.tsx","statementMap":{"0":{"start":{"line":7,"column":20},"end":{"line":7,"column":45}},"1":{"start":{"line":9,"column":27},"end":{"line":9,"column":55}},"2":{"start":{"line":11,"column":26},"end":{"line":11,"column":53}},"3":{"start":{"line":13,"column":27},"end":{"line":23,"column":null}},"4":{"start":{"line":16,"column":28},"end":{"line":23,"column":null}},"5":{"start":{"line":26,"column":0},"end":{"line":26,"column":null}},"6":{"start":{"line":28,"column":27},"end":{"line":40,"column":null}},"7":{"start":{"line":31,"column":28},"end":{"line":40,"column":null}},"8":{"start":{"line":44,"column":0},"end":{"line":44,"column":null}},"9":{"start":{"line":46,"column":26},"end":{"line":47,"column":null}},"10":{"start":{"line":46,"column":88},"end":{"line":47,"column":null}},"11":{"start":{"line":49,"column":0},"end":{"line":49,"column":null}},"12":{"start":{"line":51,"column":26},"end":{"line":52,"column":null}},"13":{"start":{"line":51,"column":88},"end":{"line":52,"column":null}},"14":{"start":{"line":54,"column":0},"end":{"line":54,"column":null}},"15":{"start":{"line":56,"column":25},"end":{"line":60,"column":null}},"16":{"start":{"line":59,"column":28},"end":{"line":60,"column":null}},"17":{"start":{"line":62,"column":0},"end":{"line":62,"column":null}},"18":{"start":{"line":64,"column":31},"end":{"line":68,"column":null}},"19":{"start":{"line":67,"column":28},"end":{"line":68,"column":null}},"20":{"start":{"line":70,"column":0},"end":{"line":70,"column":null}},"21":{"start":{"line":72,"column":26},"end":{"line":76,"column":null}},"22":{"start":{"line":75,"column":28},"end":{"line":76,"column":null}},"23":{"start":{"line":78,"column":0},"end":{"line":78,"column":null}},"24":{"start":{"line":80,"column":26},"end":{"line":87,"column":null}},"25":{"start":{"line":83,"column":28},"end":{"line":87,"column":null}},"26":{"start":{"line":90,"column":0},"end":{"line":90,"column":null}}},"fnMap":{"0":{"name":"(anonymous_0)","decl":{"start":{"line":16,"column":2},"end":{"line":16,"column":3}},"loc":{"start":{"line":16,"column":28},"end":{"line":23,"column":null}},"line":16},"1":{"name":"(anonymous_1)","decl":{"start":{"line":31,"column":2},"end":{"line":31,"column":3}},"loc":{"start":{"line":31,"column":28},"end":{"line":40,"column":null}},"line":31},"2":{"name":"(anonymous_2)","decl":{"start":{"line":46,"column":26},"end":{"line":46,"column":27}},"loc":{"start":{"line":46,"column":88},"end":{"line":47,"column":null}},"line":46},"3":{"name":"(anonymous_3)","decl":{"start":{"line":51,"column":26},"end":{"line":51,"column":27}},"loc":{"start":{"line":51,"column":88},"end":{"line":52,"column":null}},"line":51},"4":{"name":"(anonymous_4)","decl":{"start":{"line":59,"column":2},"end":{"line":59,"column":3}},"loc":{"start":{"line":59,"column":28},"end":{"line":60,"column":null}},"line":59},"5":{"name":"(anonymous_5)","decl":{"start":{"line":67,"column":2},"end":{"line":67,"column":3}},"loc":{"start":{"line":67,"column":28},"end":{"line":68,"column":null}},"line":67},"6":{"name":"(anonymous_6)","decl":{"start":{"line":75,"column":2},"end":{"line":75,"column":3}},"loc":{"start":{"line":75,"column":28},"end":{"line":76,"column":null}},"line":75},"7":{"name":"(anonymous_7)","decl":{"start":{"line":83,"column":2},"end":{"line":83,"column":3}},"loc":{"start":{"line":83,"column":28},"end":{"line":87,"column":null}},"line":83}},"branchMap":{},"s":{"0":0,"1":0,"2":0,"3":0,"4":0,"5":0,"6":0,"7":0,"8":0,"9":0,"10":0,"11":0,"12":0,"13":0,"14":0,"15":0,"16":0,"17":0,"18":0,"19":0,"20":0,"21":0,"22":0,"23":0,"24":0,"25":0,"26":0},"f":{"0":0,"1":0,"2":0,"3":0,"4":0,"5":0,"6":0,"7":0},"b":{},"meta":{"lastBranch":0,"lastFunction":8,"lastStatement":27,"seen":{"s:7:20:7:45":0,"s:9:27:9:55":1,"s:11:26:11:53":2,"s:13:27:23:Infinity":3,"f:16:2:16:3":0,"s:16:28:23:Infinity":4,"s:26:0:26:Infinity":5,"s:28:27:40:Infinity":6,"f:31:2:31:3":1,"s:31:28:40:Infinity":7,"s:44:0:44:Infinity":8,"s:46:26:47:Infinity":9,"f:46:26:46:27":2,"s:46:88:47:Infinity":10,"s:49:0:49:Infinity":11,"s:51:26:52:Infinity":12,"f:51:26:51:27":3,"s:51:88:52:Infinity":13,"s:54:0:54:Infinity":14,"s:56:25:60:Infinity":15,"f:59:2:59:3":4,"s:59:28:60:Infinity":16,"s:62:0:62:Infinity":17,"s:64:31:68:Infinity":18,"f:67:2:67:3":5,"s:67:28:68:Infinity":19,"s:70:0:70:Infinity":20,"s:72:26:76:Infinity":21,"f:75:2:75:3":6,"s:75:28:76:Infinity":22,"s:78:0:78:Infinity":23,"s:80:26:87:Infinity":24,"f:83:2:83:3":7,"s:83:28:87:Infinity":25,"s:90:0:90:Infinity":26}}}
,"/Users/leo/Web/project/gitfolio-x/src/components/ui/alert.tsx": {"path":"/Users/leo/Web/project/gitfolio-x/src/components/ui/alert.tsx","statementMap":{"0":{"start":{"line":6,"column":6},"end":{"line":18,"column":null}},"1":{"start":{"line":21,"column":14},"end":{"line":25,"column":null}},"2":{"start":{"line":24,"column":37},"end":{"line":25,"column":null}},"3":{"start":{"line":27,"column":0},"end":{"line":27,"column":null}},"4":{"start":{"line":29,"column":19},"end":{"line":31,"column":null}},"5":{"start":{"line":30,"column":28},"end":{"line":31,"column":null}},"6":{"start":{"line":34,"column":0},"end":{"line":34,"column":null}},"7":{"start":{"line":36,"column":25},"end":{"line":38,"column":null}},"8":{"start":{"line":37,"column":28},"end":{"line":38,"column":null}},"9":{"start":{"line":41,"column":0},"end":{"line":41,"column":null}}},"fnMap":{"0":{"name":"(anonymous_0)","decl":{"start":{"line":24,"column":2},"end":{"line":24,"column":3}},"loc":{"start":{"line":24,"column":37},"end":{"line":25,"column":null}},"line":24},"1":{"name":"(anonymous_1)","decl":{"start":{"line":30,"column":2},"end":{"line":30,"column":3}},"loc":{"start":{"line":30,"column":28},"end":{"line":31,"column":null}},"line":30},"2":{"name":"(anonymous_2)","decl":{"start":{"line":37,"column":2},"end":{"line":37,"column":3}},"loc":{"start":{"line":37,"column":28},"end":{"line":38,"column":null}},"line":37}},"branchMap":{},"s":{"0":0,"1":0,"2":0,"3":0,"4":0,"5":0,"6":0,"7":0,"8":0,"9":0},"f":{"0":0,"1":0,"2":0},"b":{},"meta":{"lastBranch":0,"lastFunction":3,"lastStatement":10,"seen":{"s:6:6:18:Infinity":0,"s:21:14:25:Infinity":1,"f:24:2:24:3":0,"s:24:37:25:Infinity":2,"s:27:0:27:Infinity":3,"s:29:19:31:Infinity":4,"f:30:2:30:3":1,"s:30:28:31:Infinity":5,"s:34:0:34:Infinity":6,"s:36:25:38:Infinity":7,"f:37:2:37:3":2,"s:37:28:38:Infinity":8,"s:41:0:41:Infinity":9}}}
,"/Users/leo/Web/project/gitfolio-x/src/components/ui/aspect-ratio.tsx": {"path":"/Users/leo/Web/project/gitfolio-x/src/components/ui/aspect-ratio.tsx","statementMap":{"0":{"start":{"line":3,"column":20},"end":{"line":3,"column":45}}},"fnMap":{},"branchMap":{},"s":{"0":0},"f":{},"b":{},"meta":{"lastBranch":0,"lastFunction":0,"lastStatement":1,"seen":{"s:3:20:3:45":0}}}
,"/Users/leo/Web/project/gitfolio-x/src/components/ui/avatar.tsx": {"path":"/Users/leo/Web/project/gitfolio-x/src/components/ui/avatar.tsx","statementMap":{"0":{"start":{"line":6,"column":15},"end":{"line":13,"column":null}},"1":{"start":{"line":9,"column":28},"end":{"line":13,"column":null}},"2":{"start":{"line":16,"column":0},"end":{"line":16,"column":null}},"3":{"start":{"line":18,"column":20},"end":{"line":22,"column":null}},"4":{"start":{"line":21,"column":28},"end":{"line":22,"column":null}},"5":{"start":{"line":24,"column":0},"end":{"line":24,"column":null}},"6":{"start":{"line":26,"column":23},"end":{"line":33,"column":null}},"7":{"start":{"line":29,"column":28},"end":{"line":33,"column":null}},"8":{"start":{"line":36,"column":0},"end":{"line":36,"column":null}}},"fnMap":{"0":{"name":"(anonymous_0)","decl":{"start":{"line":9,"column":2},"end":{"line":9,"column":3}},"loc":{"start":{"line":9,"column":28},"end":{"line":13,"column":null}},"line":9},"1":{"name":"(anonymous_1)","decl":{"start":{"line":21,"column":2},"end":{"line":21,"column":3}},"loc":{"start":{"line":21,"column":28},"end":{"line":22,"column":null}},"line":21},"2":{"name":"(anonymous_2)","decl":{"start":{"line":29,"column":2},"end":{"line":29,"column":3}},"loc":{"start":{"line":29,"column":28},"end":{"line":33,"column":null}},"line":29}},"branchMap":{},"s":{"0":0,"1":0,"2":0,"3":0,"4":0,"5":0,"6":0,"7":0,"8":0},"f":{"0":0,"1":0,"2":0},"b":{},"meta":{"lastBranch":0,"lastFunction":3,"lastStatement":9,"seen":{"s:6:15:13:Infinity":0,"f:9:2:9:3":0,"s:9:28:13:Infinity":1,"s:16:0:16:Infinity":2,"s:18:20:22:Infinity":3,"f:21:2:21:3":1,"s:21:28:22:Infinity":4,"s:24:0:24:Infinity":5,"s:26:23:33:Infinity":6,"f:29:2:29:3":2,"s:29:28:33:Infinity":7,"s:36:0:36:Infinity":8}}}
,"/Users/leo/Web/project/gitfolio-x/src/components/ui/badge.tsx": {"path":"/Users/leo/Web/project/gitfolio-x/src/components/ui/badge.tsx","statementMap":{"0":{"start":{"line":6,"column":6},"end":{"line":20,"column":null}},"1":{"start":{"line":26,"column":2},"end":{"line":26,"column":null}}},"fnMap":{"0":{"name":"Badge","decl":{"start":{"line":25,"column":9},"end":{"line":25,"column":15}},"loc":{"start":{"line":25,"column":59},"end":{"line":27,"column":null}},"line":25}},"branchMap":{},"s":{"0":0,"1":0},"f":{"0":0},"b":{},"meta":{"lastBranch":0,"lastFunction":1,"lastStatement":2,"seen":{"s:6:6:20:Infinity":0,"f:25:9:25:15":0,"s:26:2:26:Infinity":1}}}
,"/Users/leo/Web/project/gitfolio-x/src/components/ui/breadcrumb.tsx": {"path":"/Users/leo/Web/project/gitfolio-x/src/components/ui/breadcrumb.tsx","statementMap":{"0":{"start":{"line":7,"column":19},"end":{"line":12,"column":null}},"1":{"start":{"line":12,"column":17},"end":{"line":12,"column":null}},"2":{"start":{"line":13,"column":0},"end":{"line":13,"column":null}},"3":{"start":{"line":15,"column":23},"end":{"line":23,"column":null}},"4":{"start":{"line":16,"column":28},"end":{"line":23,"column":null}},"5":{"start":{"line":27,"column":0},"end":{"line":27,"column":null}},"6":{"start":{"line":29,"column":23},"end":{"line":31,"column":null}},"7":{"start":{"line":30,"column":28},"end":{"line":31,"column":null}},"8":{"start":{"line":34,"column":0},"end":{"line":34,"column":null}},"9":{"start":{"line":36,"column":23},"end":{"line":45,"column":null}},"10":{"start":{"line":42,"column":15},"end":{"line":42,"column":null}},"11":{"start":{"line":44,"column":2},"end":{"line":44,"column":null}},"12":{"start":{"line":46,"column":0},"end":{"line":46,"column":null}},"13":{"start":{"line":48,"column":23},"end":{"line":56,"column":null}},"14":{"start":{"line":49,"column":28},"end":{"line":56,"column":null}},"15":{"start":{"line":60,"column":0},"end":{"line":60,"column":null}},"16":{"start":{"line":62,"column":28},"end":{"line":64,"column":null}},"17":{"start":{"line":62,"column":90},"end":{"line":64,"column":null}},"18":{"start":{"line":67,"column":0},"end":{"line":67,"column":null}},"19":{"start":{"line":69,"column":27},"end":{"line":77,"column":null}},"20":{"start":{"line":69,"column":81},"end":{"line":77,"column":null}},"21":{"start":{"line":80,"column":0},"end":{"line":80,"column":null}}},"fnMap":{"0":{"name":"(anonymous_0)","decl":{"start":{"line":12,"column":2},"end":{"line":12,"column":3}},"loc":{"start":{"line":12,"column":17},"end":{"line":12,"column":null}},"line":12},"1":{"name":"(anonymous_1)","decl":{"start":{"line":16,"column":2},"end":{"line":16,"column":3}},"loc":{"start":{"line":16,"column":28},"end":{"line":23,"column":null}},"line":16},"2":{"name":"(anonymous_2)","decl":{"start":{"line":30,"column":2},"end":{"line":30,"column":3}},"loc":{"start":{"line":30,"column":28},"end":{"line":31,"column":null}},"line":30},"3":{"name":"(anonymous_3)","decl":{"start":{"line":41,"column":2},"end":{"line":41,"column":3}},"loc":{"start":{"line":41,"column":37},"end":{"line":45,"column":null}},"line":41},"4":{"name":"(anonymous_4)","decl":{"start":{"line":49,"column":2},"end":{"line":49,"column":3}},"loc":{"start":{"line":49,"column":28},"end":{"line":56,"column":null}},"line":49},"5":{"name":"(anonymous_5)","decl":{"start":{"line":62,"column":28},"end":{"line":62,"column":29}},"loc":{"start":{"line":62,"column":90},"end":{"line":64,"column":null}},"line":62},"6":{"name":"(anonymous_6)","decl":{"start":{"line":69,"column":27},"end":{"line":69,"column":28}},"loc":{"start":{"line":69,"column":81},"end":{"line":77,"column":null}},"line":69}},"branchMap":{"0":{"loc":{"start":{"line":42,"column":15},"end":{"line":42,"column":null}},"type":"cond-expr","locations":[{"start":{"line":42,"column":25},"end":{"line":42,"column":32}},{"start":{"line":42,"column":32},"end":{"line":42,"column":null}}],"line":42},"1":{"loc":{"start":{"line":64,"column":5},"end":{"line":64,"column":null}},"type":"binary-expr","locations":[{"start":{"line":64,"column":5},"end":{"line":64,"column":17}},{"start":{"line":64,"column":5},"end":{"line":64,"column":null}}],"line":64}},"s":{"0":0,"1":0,"2":0,"3":0,"4":0,"5":0,"6":0,"7":0,"8":0,"9":0,"10":0,"11":0,"12":0,"13":0,"14":0,"15":0,"16":0,"17":0,"18":0,"19":0,"20":0,"21":0},"f":{"0":0,"1":0,"2":0,"3":0,"4":0,"5":0,"6":0},"b":{"0":[0,0],"1":[0,0]},"meta":{"lastBranch":2,"lastFunction":7,"lastStatement":22,"seen":{"s:7:19:12:Infinity":0,"f:12:2:12:3":0,"s:12:17:12:Infinity":1,"s:13:0:13:Infinity":2,"s:15:23:23:Infinity":3,"f:16:2:16:3":1,"s:16:28:23:Infinity":4,"s:27:0:27:Infinity":5,"s:29:23:31:Infinity":6,"f:30:2:30:3":2,"s:30:28:31:Infinity":7,"s:34:0:34:Infinity":8,"s:36:23:45:Infinity":9,"f:41:2:41:3":3,"s:42:15:42:Infinity":10,"b:42:25:42:32:42:32:42:Infinity":0,"s:44:2:44:Infinity":11,"s:46:0:46:Infinity":12,"s:48:23:56:Infinity":13,"f:49:2:49:3":4,"s:49:28:56:Infinity":14,"s:60:0:60:Infinity":15,"s:62:28:64:Infinity":16,"f:62:28:62:29":5,"s:62:90:64:Infinity":17,"b:64:5:64:17:64:5:64:Infinity":1,"s:67:0:67:Infinity":18,"s:69:27:77:Infinity":19,"f:69:27:69:28":6,"s:69:81:77:Infinity":20,"s:80:0:80:Infinity":21}}}
,"/Users/leo/Web/project/gitfolio-x/src/components/ui/button.tsx": {"path":"/Users/leo/Web/project/gitfolio-x/src/components/ui/button.tsx","statementMap":{"0":{"start":{"line":7,"column":6},"end":{"line":34,"column":null}},"1":{"start":{"line":43,"column":15},"end":{"line":47,"column":null}},"2":{"start":{"line":45,"column":17},"end":{"line":45,"column":null}},"3":{"start":{"line":46,"column":4},"end":{"line":46,"column":null}},"4":{"start":{"line":49,"column":0},"end":{"line":49,"column":null}}},"fnMap":{"0":{"name":"(anonymous_0)","decl":{"start":{"line":44,"column":2},"end":{"line":44,"column":3}},"loc":{"start":{"line":44,"column":60},"end":{"line":47,"column":null}},"line":44}},"branchMap":{"0":{"loc":{"start":{"line":44,"column":31},"end":{"line":44,"column":46}},"type":"default-arg","locations":[{"start":{"line":44,"column":41},"end":{"line":44,"column":46}}],"line":44},"1":{"loc":{"start":{"line":45,"column":17},"end":{"line":45,"column":null}},"type":"cond-expr","locations":[{"start":{"line":45,"column":27},"end":{"line":45,"column":34}},{"start":{"line":45,"column":34},"end":{"line":45,"column":null}}],"line":45}},"s":{"0":1,"1":1,"2":24,"3":24,"4":1},"f":{"0":24},"b":{"0":[24],"1":[0,24]},"meta":{"lastBranch":2,"lastFunction":1,"lastStatement":5,"seen":{"s:7:6:34:Infinity":0,"s:43:15:47:Infinity":1,"f:44:2:44:3":0,"b:44:41:44:46":0,"s:45:17:45:Infinity":2,"b:45:27:45:34:45:34:45:Infinity":1,"s:46:4:46:Infinity":3,"s:49:0:49:Infinity":4}}}
,"/Users/leo/Web/project/gitfolio-x/src/components/ui/calendar.tsx": {"path":"/Users/leo/Web/project/gitfolio-x/src/components/ui/calendar.tsx","statementMap":{"0":{"start":{"line":11,"column":2},"end":{"line":48,"column":null}},"1":{"start":{"line":46,"column":10},"end":{"line":46,"column":null}},"2":{"start":{"line":52,"column":0},"end":{"line":52,"column":null}}},"fnMap":{"0":{"name":"Calendar","decl":{"start":{"line":10,"column":9},"end":{"line":10,"column":18}},"loc":{"start":{"line":10,"column":92},"end":{"line":51,"column":null}},"line":10},"1":{"name":"(anonymous_1)","decl":{"start":{"line":45,"column":17},"end":{"line":45,"column":18}},"loc":{"start":{"line":46,"column":10},"end":{"line":46,"column":null}},"line":46}},"branchMap":{"0":{"loc":{"start":{"line":10,"column":43},"end":{"line":10,"column":65}},"type":"default-arg","locations":[{"start":{"line":10,"column":61},"end":{"line":10,"column":65}}],"line":10},"1":{"loc":{"start":{"line":46,"column":10},"end":{"line":46,"column":null}},"type":"cond-expr","locations":[{"start":{"line":46,"column":26},"end":{"line":46,"column":74}},{"start":{"line":46,"column":73},"end":{"line":46,"column":null}}],"line":46}},"s":{"0":0,"1":0,"2":0},"f":{"0":0,"1":0},"b":{"0":[0],"1":[0,0]},"meta":{"lastBranch":2,"lastFunction":2,"lastStatement":3,"seen":{"f:10:9:10:18":0,"b:10:61:10:65":0,"s:11:2:48:Infinity":0,"f:45:17:45:18":1,"s:46:10:46:Infinity":1,"b:46:26:46:74:46:73:46:Infinity":1,"s:52:0:52:Infinity":2}}}
[...]
,"/Users/leo/Web/project/gitfolio-x/src/pages/NotFound.tsx": {"path":"/Users/leo/Web/project/gitfolio-x/src/pages/NotFound.tsx","statementMap":{"0":{"start":{"line":4,"column":17},"end":{"line":22,"column":null}},"1":{"start":{"line":5,"column":8},"end":{"line":5,"column":null}},"2":{"start":{"line":7,"column":2},"end":{"line":9,"column":null}},"3":{"start":{"line":8,"column":4},"end":{"line":8,"column":null}},"4":{"start":{"line":11,"column":2},"end":{"line":16,"column":null}}},"fnMap":{"0":{"name":"(anonymous_0)","decl":{"start":{"line":4,"column":17},"end":{"line":4,"column":null}},"loc":{"start":{"line":4,"column":17},"end":{"line":22,"column":null}},"line":4},"1":{"name":"(anonymous_1)","decl":{"start":{"line":7,"column":12},"end":{"line":7,"column":null}},"loc":{"start":{"line":7,"column":12},"end":{"line":9,"column":5}},"line":7}},"branchMap":{},"s":{"0":0,"1":0,"2":0,"3":0,"4":0},"f":{"0":0,"1":0},"b":{},"meta":{"lastBranch":0,"lastFunction":2,"lastStatement":5,"seen":{"s:4:17:22:Infinity":0,"f:4:17:4:Infinity":0,"s:5:8:5:Infinity":1,"s:7:2:9:Infinity":2,"f:7:12:7:Infinity":1,"s:8:4:8:Infinity":3,"s:11:2:16:Infinity":4}}}
,"/Users/leo/Web/project/gitfolio-x/src/pages/Profile.tsx": {"path":"/Users/leo/Web/project/gitfolio-x/src/pages/Profile.tsx","statementMap":{"0":{"start":{"line":22,"column":16},"end":{"line":496,"column":null}},"1":{"start":{"line":23,"column":22},"end":{"line":23,"column":null}},"2":{"start":{"line":24,"column":8},"end":{"line":24,"column":null}},"3":{"start":{"line":25,"column":19},"end":{"line":25,"column":null}},"4":{"start":{"line":27,"column":25},"end":{"line":27,"column":null}},"5":{"start":{"line":28,"column":41},"end":{"line":28,"column":null}},"6":{"start":{"line":29,"column":35},"end":{"line":29,"column":null}},"7":{"start":{"line":30,"column":31},"end":{"line":30,"column":null}},"8":{"start":{"line":31,"column":43},"end":{"line":31,"column":null}},"9":{"start":{"line":32,"column":37},"end":{"line":32,"column":null}},"10":{"start":{"line":33,"column":8},"end":{"line":33,"column":null}},"11":{"start":{"line":35,"column":25},"end":{"line":43,"column":null}},"12":{"start":{"line":36,"column":21},"end":{"line":36,"column":41}},"13":{"start":{"line":37,"column":24},"end":{"line":37,"column":null}},"14":{"start":{"line":38,"column":22},"end":{"line":38,"column":77}},"15":{"start":{"line":39,"column":17},"end":{"line":39,"column":125}},"16":{"start":{"line":41,"column":4},"end":{"line":41,"column":null}},"17":{"start":{"line":42,"column":4},"end":{"line":42,"column":null}},"18":{"start":{"line":45,"column":2},"end":{"line":109,"column":null}},"19":{"start":{"line":46,"column":4},"end":{"line":49,"column":null}},"20":{"start":{"line":47,"column":6},"end":{"line":47,"column":null}},"21":{"start":{"line":48,"column":6},"end":{"line":48,"column":null}},"22":{"start":{"line":51,"column":20},"end":{"line":100,"column":null}},"23":{"start":{"line":52,"column":6},"end":{"line":99,"column":null}},"24":{"start":{"line":54,"column":8},"end":{"line":54,"column":null}},"25":{"start":{"line":55,"column":23},"end":{"line":59,"column":null}},"26":{"start":{"line":61,"column":8},"end":{"line":64,"column":null}},"27":{"start":{"line":62,"column":10},"end":{"line":62,"column":null}},"28":{"start":{"line":63,"column":10},"end":{"line":63,"column":null}},"29":{"start":{"line":63,"column":33},"end":{"line":63,"column":null}},"30":{"start":{"line":66,"column":21},"end":{"line":66,"column":null}},"31":{"start":{"line":67,"column":8},"end":{"line":67,"column":null}},"32":{"start":{"line":70,"column":8},"end":{"line":70,"column":null}},"33":{"start":{"line":71,"column":25},"end":{"line":75,"column":null}},"34":{"start":{"line":77,"column":8},"end":{"line":80,"column":null}},"35":{"start":{"line":78,"column":10},"end":{"line":78,"column":null}},"36":{"start":{"line":79,"column":10},"end":{"line":79,"column":null}},"37":{"start":{"line":79,"column":33},"end":{"line":79,"column":null}},"38":{"start":{"line":82,"column":23},"end":{"line":82,"column":null}},"39":{"start":{"line":83,"column":8},"end":{"line":83,"column":null}},"40":{"start":{"line":84,"column":8},"end":{"line":84,"column":null}},"41":{"start":{"line":85,"column":8},"end":{"line":85,"column":null}},"42":{"start":{"line":88,"column":8},"end":{"line":93,"column":null}},"43":{"start":{"line":89,"column":10},"end":{"line":89,"column":null}},"44":{"start":{"line":90,"column":10},"end":{"line":92,"column":null}},"45":{"start":{"line":91,"column":12},"end":{"line":91,"column":null}},"46":{"start":{"line":96,"column":8},"end":{"line":96,"column":null}},"47":{"start":{"line":97,"column":8},"end":{"line":97,"column":null}},"48":{"start":{"line":98,"column":8},"end":{"line":98,"column":null}},"49":{"start":{"line":102,"column":4},"end":{"line":102,"column":null}},"50":{"start":{"line":104,"column":4},"end":{"line":108,"column":null}},"51":{"start":{"line":105,"column":6},"end":{"line":107,"column":null}},"52":{"start":{"line":106,"column":8},"end":{"line":106,"column":null}},"53":{"start":{"line":111,"column":2},"end":{"line":113,"column":null}},"54":{"start":{"line":112,"column":4},"end":{"line":112,"column":null}},"55":{"start":{"line":115,"column":2},"end":{"line":487,"column":44}},"56":{"start":{"line":135,"column":25},"end":{"line":135,"column":null}},"57":{"start":{"line":172,"column":54},"end":{"line":172,"column":69}},"58":{"start":{"line":189,"column":20},"end":{"line":189,"column":null}},"59":{"start":{"line":190,"column":20},"end":{"line":190,"column":null}},"60":{"start":{"line":202,"column":35},"end":{"line":202,"column":null}},"61":{"start":{"line":309,"column":44},"end":{"line":311,"column":null}},"62":{"start":{"line":345,"column":20},"end":{"line":345,"column":null}},"63":{"start":{"line":346,"column":20},"end":{"line":346,"column":null}},"64":{"start":{"line":346,"column":37},"end":{"line":346,"column":62}},"65":{"start":{"line":389,"column":59},"end":{"line":390,"column":36}},"66":{"start":{"line":408,"column":55},"end":{"line":409,"column":36}},"67":{"start":{"line":424,"column":59},"end":{"line":426,"column":null}},"68":{"start":{"line":471,"column":56},"end":{"line":472,"column":34}},"69":{"start":{"line":486,"column":64},"end":{"line":487,"column":44}}},"fnMap":{"0":{"name":"(anonymous_0)","decl":{"start":{"line":22,"column":16},"end":{"line":22,"column":null}},"loc":{"start":{"line":22,"column":16},"end":{"line":496,"column":null}},"line":22},"1":{"name":"(anonymous_1)","decl":{"start":{"line":35,"column":25},"end":{"line":35,"column":null}},"loc":{"start":{"line":35,"column":25},"end":{"line":43,"column":null}},"line":35},"2":{"name":"(anonymous_2)","decl":{"start":{"line":45,"column":12},"end":{"line":45,"column":null}},"loc":{"start":{"line":45,"column":12},"end":{"line":109,"column":5}},"line":45},"3":{"name":"(anonymous_3)","decl":{"start":{"line":51,"column":20},"end":{"line":51,"column":null}},"loc":{"start":{"line":51,"column":20},"end":{"line":100,"column":null}},"line":51},"4":{"name":"(anonymous_4)","decl":{"start":{"line":63,"column":28},"end":{"line":63,"column":33}},"loc":{"start":{"line":63,"column":33},"end":{"line":63,"column":null}},"line":63},"5":{"name":"(anonymous_5)","decl":{"start":{"line":79,"column":28},"end":{"line":79,"column":33}},"loc":{"start":{"line":79,"column":33},"end":{"line":79,"column":null}},"line":79},"6":{"name":"(anonymous_6)","decl":{"start":{"line":88,"column":19},"end":{"line":88,"column":null}},"loc":{"start":{"line":88,"column":19},"end":{"line":93,"column":11}},"line":88},"7":{"name":"(anonymous_7)","decl":{"start":{"line":90,"column":45},"end":{"line":90,"column":null}},"loc":{"start":{"line":90,"column":45},"end":{"line":92,"column":13}},"line":90},"8":{"name":"(anonymous_8)","decl":{"start":{"line":104,"column":11},"end":{"line":104,"column":null}},"loc":{"start":{"line":104,"column":11},"end":{"line":108,"column":null}},"line":104},"9":{"name":"(anonymous_9)","decl":{"start":{"line":135,"column":19},"end":{"line":135,"column":25}},"loc":{"start":{"line":135,"column":25},"end":{"line":135,"column":null}},"line":135},"10":{"name":"(anonymous_10)","decl":{"start":{"line":172,"column":48},"end":{"line":172,"column":54}},"loc":{"start":{"line":172,"column":54},"end":{"line":172,"column":69}},"line":172},"11":{"name":"(anonymous_11)","decl":{"start":{"line":188,"column":27},"end":{"line":188,"column":null}},"loc":{"start":{"line":188,"column":27},"end":{"line":191,"column":null}},"line":188},"12":{"name":"(anonymous_12)","decl":{"start":{"line":202,"column":29},"end":{"line":202,"column":35}},"loc":{"start":{"line":202,"column":35},"end":{"line":202,"column":null}},"line":202},"13":{"name":"(anonymous_13)","decl":{"start":{"line":309,"column":40},"end":{"line":309,"column":41}},"loc":{"start":{"line":309,"column":44},"end":{"line":311,"column":null}},"line":309},"14":{"name":"(anonymous_14)","decl":{"start":{"line":344,"column":27},"end":{"line":344,"column":null}},"loc":{"start":{"line":344,"column":27},"end":{"line":347,"column":null}},"line":344},"15":{"name":"(anonymous_15)","decl":{"start":{"line":346,"column":31},"end":{"line":346,"column":37}},"loc":{"start":{"line":346,"column":37},"end":{"line":346,"column":62}},"line":346},"16":{"name":"(anonymous_16)","decl":{"start":{"line":389,"column":47},"end":{"line":389,"column":48}},"loc":{"start":{"line":389,"column":59},"end":{"line":390,"column":36}},"line":389},"17":{"name":"(anonymous_17)","decl":{"start":{"line":408,"column":45},"end":{"line":408,"column":46}},"loc":{"start":{"line":408,"column":55},"end":{"line":409,"column":36}},"line":408},"18":{"name":"(anonymous_18)","decl":{"start":{"line":424,"column":58},"end":{"line":424,"column":59}},"loc":{"start":{"line":424,"column":59},"end":{"line":426,"column":null}},"line":424},"19":{"name":"(anonymous_19)","decl":{"start":{"line":471,"column":50},"end":{"line":471,"column":51}},"loc":{"start":{"line":471,"column":56},"end":{"line":472,"column":34}},"line":471},"20":{"name":"(anonymous_20)","decl":{"start":{"line":486,"column":57},"end":{"line":486,"column":58}},"loc":{"start":{"line":486,"column":64},"end":{"line":487,"column":44}},"line":486}},"branchMap":{"0":{"loc":{"start":{"line":25,"column":19},"end":{"line":25,"column":null}},"type":"binary-expr","locations":[{"start":{"line":25,"column":19},"end":{"line":25,"column":47}},{"start":{"line":25,"column":47},"end":{"line":25,"column":null}}],"line":25},"1":{"loc":{"start":{"line":37,"column":24},"end":{"line":37,"column":null}},"type":"binary-expr","locations":[{"start":{"line":37,"column":24},"end":{"line":37,"column":50}},{"start":{"line":37,"column":50},"end":{"line":37,"column":null}}],"line":37},"2":{"loc":{"start":{"line":46,"column":4},"end":{"line":49,"column":null}},"type":"if","locations":[{"start":{"line":46,"column":4},"end":{"line":49,"column":null}},{"start":{},"end":{}}],"line":46},"3":{"loc":{"start":{"line":98,"column":20},"end":{"line":98,"column":null}},"type":"cond-expr","locations":[{"start":{"line":98,"column":45},"end":{"line":98,"column":58}},{"start":{"line":98,"column":61},"end":{"line":98,"column":null}}],"line":98},"4":{"loc":{"start":{"line":105,"column":6},"end":{"line":107,"column":null}},"type":"if","locations":[{"start":{"line":105,"column":6},"end":{"line":107,"column":null}},{"start":{},"end":{}}],"line":105},"5":{"loc":{"start":{"line":111,"column":2},"end":{"line":113,"column":null}},"type":"if","locations":[{"start":{"line":111,"column":2},"end":{"line":113,"column":null}},{"start":{},"end":{}}],"line":111},"6":{"loc":{"start":{"line":143,"column":9},"end":{"line":156,"column":null}},"type":"binary-expr","locations":[{"start":{"line":143,"column":9},"end":{"line":143,"column":33}},{"start":{"line":143,"column":33},"end":{"line":143,"column":null}},{"start":{"line":143,"column":43},"end":{"line":156,"column":null}}],"line":143},"7":{"loc":{"start":{"line":162,"column":9},"end":{"line":172,"column":null}},"type":"binary-expr","locations":[{"start":{"line":162,"column":9},"end":{"line":162,"column":null}},{"start":{"line":162,"column":19},"end":{"line":172,"column":null}}],"line":162},"8":{"loc":{"start":{"line":180,"column":9},"end":{"line":487,"column":44}},"type":"binary-expr","locations":[{"start":{"line":180,"column":9},"end":{"line":180,"column":33}},{"start":{"line":180,"column":33},"end":{"line":180,"column":47}},{"start":{"line":180,"column":47},"end":{"line":180,"column":null}},{"start":{"line":180,"column":47},"end":{"line":487,"column":44}}],"line":180},"9":{"loc":{"start":{"line":199,"column":17},"end":{"line":205,"column":null}},"type":"binary-expr","locations":[{"start":{"line":199,"column":17},"end":{"line":199,"column":null}},{"start":{"line":199,"column":17},"end":{"line":205,"column":null}}],"line":199},"10":{"loc":{"start":{"line":220,"column":25},"end":{"line":220,"column":70}},"type":"binary-expr","locations":[{"start":{"line":220,"column":25},"end":{"line":220,"column":45}},{"start":{"line":220,"column":49},"end":{"line":220,"column":70}}],"line":220},"11":{"loc":{"start":{"line":228,"column":21},"end":{"line":228,"column":null}},"type":"binary-expr","locations":[{"start":{"line":228,"column":21},"end":{"line":228,"column":41}},{"start":{"line":228,"column":45},"end":{"line":228,"column":null}}],"line":228},"12":{"loc":{"start":{"line":232,"column":19},"end":{"line":233,"column":null}},"type":"binary-expr","locations":[{"start":{"line":232,"column":19},"end":{"line":232,"column":38}},{"start":{"line":232,"column":38},"end":{"line":233,"column":null}}],"line":232},"13":{"loc":{"start":{"line":237,"column":21},"end":{"line":240,"column":null}},"type":"binary-expr","locations":[{"start":{"line":237,"column":21},"end":{"line":237,"column":45}},{"start":{"line":237,"column":45},"end":{"line":240,"column":null}}],"line":237},"14":{"loc":{"start":{"line":243,"column":21},"end":{"line":246,"column":null}},"type":"binary-expr","locations":[{"start":{"line":243,"column":21},"end":{"line":243,"column":44}},{"start":{"line":243,"column":44},"end":{"line":246,"column":null}}],"line":243},"15":{"loc":{"start":{"line":290,"column":17},"end":{"line":291,"column":null}},"type":"binary-expr","locations":[{"start":{"line":290,"column":17},"end":{"line":290,"column":null}},{"start":{"line":290,"column":33},"end":{"line":291,"column":null}}],"line":290},"16":{"loc":{"start":{"line":295,"column":15},"end":{"line":356,"column":null}},"type":"cond-expr","locations":[{"start":{"line":295,"column":31},"end":{"line":304,"column":34}},{"start":{"line":304,"column":18},"end":{"line":356,"column":null}}],"line":295},"17":{"loc":{"start":{"line":304,"column":18},"end":{"line":356,"column":null}},"type":"cond-expr","locations":[{"start":{"line":304,"column":34},"end":{"line":343,"column":17}},{"start":{"line":343,"column":16},"end":{"line":356,"column":null}}],"line":304}},"s":{"0":0,"1":0,"2":0,"3":0,"4":0,"5":0,"6":0,"7":0,"8":0,"9":0,"10":0,"11":0,"12":0,"13":0,"14":0,"15":0,"16":0,"17":0,"18":0,"19":0,"20":0,"21":0,"22":0,"23":0,"24":0,"25":0,"26":0,"27":0,"28":0,"29":0,"30":0,"31":0,"32":0,"33":0,"34":0,"35":0,"36":0,"37":0,"38":0,"39":0,"40":0,"41":0,"42":0,"43":0,"44":0,"45":0,"46":0,"47":0,"48":0,"49":0,"50":0,"51":0,"52":0,"53":0,"54":0,"55":0,"56":0,"57":0,"58":0,"59":0,"60":0,"61":0,"62":0,"63":0,"64":0,"65":0,"66":0,"67":0,"68":0,"69":0},"f":{"0":0,"1":0,"2":0,"3":0,"4":0,"5":0,"6":0,"7":0,"8":0,"9":0,"10":0,"11":0,"12":0,"13":0,"14":0,"15":0,"16":0,"17":0,"18":0,"19":0,"20":0},"b":{"0":[0,0],"1":[0,0],"2":[0,0],"3":[0,0],"4":[0,0],"5":[0,0],"6":[0,0,0],"7":[0,0],"8":[0,0,0,0],"9":[0,0],"10":[0,0],"11":[0,0],"12":[0,0],"13":[0,0],"14":[0,0],"15":[0,0],"16":[0,0],"17":[0,0]},"meta":{"lastBranch":18,"lastFunction":21,"lastStatement":70,"seen":{"s:22:16:496:Infinity":0,"f:22:16:22:Infinity":0,"s:23:22:23:Infinity":1,"s:24:8:24:Infinity":2,"s:25:19:25:Infinity":3,"b:25:19:25:47:25:47:25:Infinity":0,"s:27:25:27:Infinity":4,"s:28:41:28:Infinity":5,"s:29:35:29:Infinity":6,"s:30:31:30:Infinity":7,"s:31:43:31:Infinity":8,"s:32:37:32:Infinity":9,"s:33:8:33:Infinity":10,"s:35:25:43:Infinity":11,"f:35:25:35:Infinity":1,"s:36:21:36:41":12,"s:37:24:37:Infinity":13,"b:37:24:37:50:37:50:37:Infinity":1,"s:38:22:38:77":14,"s:39:17:39:125":15,"s:41:4:41:Infinity":16,"s:42:4:42:Infinity":17,"s:45:2:109:Infinity":18,"f:45:12:45:Infinity":2,"b:46:4:49:Infinity:undefined:undefined:undefined:undefined":2,"s:46:4:49:Infinity":19,"s:47:6:47:Infinity":20,"s:48:6:48:Infinity":21,"s:51:20:100:Infinity":22,"f:51:20:51:Infinity":3,"s:52:6:99:Infinity":23,"s:54:8:54:Infinity":24,"s:55:23:59:Infinity":25,"s:61:8:64:Infinity":26,"s:62:10:62:Infinity":27,"s:63:10:63:Infinity":28,"f:63:28:63:33":4,"s:63:33:63:Infinity":29,"s:66:21:66:Infinity":30,"s:67:8:67:Infinity":31,"s:70:8:70:Infinity":32,"s:71:25:75:Infinity":33,"s:77:8:80:Infinity":34,"s:78:10:78:Infinity":35,"s:79:10:79:Infinity":36,"f:79:28:79:33":5,"s:79:33:79:Infinity":37,"s:82:23:82:Infinity":38,"s:83:8:83:Infinity":39,"s:84:8:84:Infinity":40,"s:85:8:85:Infinity":41,"s:88:8:93:Infinity":42,"f:88:19:88:Infinity":6,"s:89:10:89:Infinity":43,"s:90:10:92:Infinity":44,"f:90:45:90:Infinity":7,"s:91:12:91:Infinity":45,"s:96:8:96:Infinity":46,"s:97:8:97:Infinity":47,"s:98:8:98:Infinity":48,"b:98:45:98:58:98:61:98:Infinity":3,"s:102:4:102:Infinity":49,"s:104:4:108:Infinity":50,"f:104:11:104:Infinity":8,"b:105:6:107:Infinity:undefined:undefined:undefined:undefined":4,"s:105:6:107:Infinity":51,"s:106:8:106:Infinity":52,"b:111:2:113:Infinity:undefined:undefined:undefined:undefined":5,"s:111:2:113:Infinity":53,"s:112:4:112:Infinity":54,"s:115:2:487:44":55,"f:135:19:135:25":9,"s:135:25:135:Infinity":56,"b:143:9:143:33:143:33:143:Infinity:143:43:156:Infinity":6,"b:162:9:162:Infinity:162:19:172:Infinity":7,"f:172:48:172:54":10,"s:172:54:172:69":57,"b:180:9:180:33:180:33:180:47:180:47:180:Infinity:180:47:487:44":8,"f:188:27:188:Infinity":11,"s:189:20:189:Infinity":58,"s:190:20:190:Infinity":59,"b:199:17:199:Infinity:199:17:205:Infinity":9,"f:202:29:202:35":12,"s:202:35:202:Infinity":60,"b:220:25:220:45:220:49:220:70":10,"b:228:21:228:41:228:45:228:Infinity":11,"b:232:19:232:38:232:38:233:Infinity":12,"b:237:21:237:45:237:45:240:Infinity":13,"b:243:21:243:44:243:44:246:Infinity":14,"b:290:17:290:Infinity:290:33:291:Infinity":15,"b:295:31:304:34:304:18:356:Infinity":16,"b:304:34:343:17:343:16:356:Infinity":17,"f:309:40:309:41":13,"s:309:44:311:Infinity":61,"f:344:27:344:Infinity":14,"s:345:20:345:Infinity":62,"s:346:20:346:Infinity":63,"f:346:31:346:37":15,"s:346:37:346:62":64,"f:389:47:389:48":16,"s:389:59:390:36":65,"f:408:45:408:46":17,"s:408:55:409:36":66,"f:424:58:424:59":18,"s:424:59:426:Infinity":67,"f:471:50:471:51":19,"s:471:56:472:34":68,"f:486:57:486:58":20,"s:486:64:487:44":69}}}
,"/Users/leo/Web/project/gitfolio-x/src/types/github.ts": {"path":"/Users/leo/Web/project/gitfolio-x/src/types/github.ts","statementMap":{},"fnMap":{},"branchMap":{},"s":{},"f":{},"b":{},"meta":{"lastBranch":0,"lastFunction":0,"lastStatement":0,"seen":{}}}
}
